{"/home/NIX/vershinin/Dropbox/GitHub/projects/phones-shop/src/actions/tests/basketActions.spec.js":{"path":"/home/NIX/vershinin/Dropbox/GitHub/projects/phones-shop/src/actions/tests/basketActions.spec.js","statementMap":{"0":{"start":{"line":3,"column":12},"end":{"line":3,"column":27}},"1":{"start":{"line":5,"column":19},"end":{"line":5,"column":56}},"2":{"start":{"line":7,"column":12},"end":{"line":7,"column":49}},"3":{"start":{"line":9,"column":20},"end":{"line":9,"column":46}},"4":{"start":{"line":11,"column":11},"end":{"line":11,"column":49}},"5":{"start":{"line":13,"column":13},"end":{"line":13,"column":29}},"6":{"start":{"line":15,"column":40},"end":{"line":15,"column":267}},"7":{"start":{"line":15,"column":69},"end":{"line":15,"column":80}},"8":{"start":{"line":15,"column":103},"end":{"line":15,"column":105}},"9":{"start":{"line":15,"column":107},"end":{"line":15,"column":228}},"10":{"start":{"line":15,"column":126},"end":{"line":15,"column":226}},"11":{"start":{"line":15,"column":149},"end":{"line":15,"column":224}},"12":{"start":{"line":15,"column":201},"end":{"line":15,"column":224}},"13":{"start":{"line":15,"column":229},"end":{"line":15,"column":250}},"14":{"start":{"line":15,"column":251},"end":{"line":15,"column":265}},"15":{"start":{"line":17,"column":11},"end":{"line":31,"column":1}},"16":{"start":{"line":33,"column":0},"end":{"line":59,"column":3}},"17":{"start":{"line":34,"column":15},"end":{"line":34,"column":35}},"18":{"start":{"line":36,"column":1},"end":{"line":39,"column":4}},"19":{"start":{"line":37,"column":14},"end":{"line":37,"column":50}},"20":{"start":{"line":38,"column":2},"end":{"line":38,"column":87}},"21":{"start":{"line":41,"column":1},"end":{"line":44,"column":4}},"22":{"start":{"line":42,"column":14},"end":{"line":42,"column":49}},"23":{"start":{"line":43,"column":2},"end":{"line":43,"column":92}},"24":{"start":{"line":46,"column":1},"end":{"line":49,"column":4}},"25":{"start":{"line":47,"column":14},"end":{"line":47,"column":32}},"26":{"start":{"line":48,"column":2},"end":{"line":48,"column":62}},"27":{"start":{"line":51,"column":1},"end":{"line":58,"column":4}},"28":{"start":{"line":52,"column":12},"end":{"line":52,"column":32}},"29":{"start":{"line":53,"column":14},"end":{"line":53,"column":19}},"30":{"start":{"line":55,"column":14},"end":{"line":55,"column":40}},"31":{"start":{"line":57,"column":2},"end":{"line":57,"column":39}}},"fnMap":{"0":{"name":"_interopRequireWildcard","decl":{"start":{"line":15,"column":9},"end":{"line":15,"column":32}},"loc":{"start":{"line":15,"column":38},"end":{"line":15,"column":269}},"line":15},"1":{"name":"(anonymous_1)","decl":{"start":{"line":33,"column":27},"end":{"line":33,"column":28}},"loc":{"start":{"line":33,"column":39},"end":{"line":59,"column":1}},"line":33},"2":{"name":"(anonymous_2)","decl":{"start":{"line":36,"column":48},"end":{"line":36,"column":49}},"loc":{"start":{"line":36,"column":60},"end":{"line":39,"column":2}},"line":36},"3":{"name":"(anonymous_3)","decl":{"start":{"line":41,"column":53},"end":{"line":41,"column":54}},"loc":{"start":{"line":41,"column":65},"end":{"line":44,"column":2}},"line":41},"4":{"name":"(anonymous_4)","decl":{"start":{"line":46,"column":41},"end":{"line":46,"column":42}},"loc":{"start":{"line":46,"column":53},"end":{"line":49,"column":2}},"line":46},"5":{"name":"(anonymous_5)","decl":{"start":{"line":51,"column":49},"end":{"line":51,"column":50}},"loc":{"start":{"line":51,"column":61},"end":{"line":58,"column":2}},"line":51}},"branchMap":{"0":{"loc":{"start":{"line":15,"column":40},"end":{"line":15,"column":267}},"type":"if","locations":[{"start":{"line":15,"column":40},"end":{"line":15,"column":267}},{"start":{"line":15,"column":40},"end":{"line":15,"column":267}}],"line":15},"1":{"loc":{"start":{"line":15,"column":44},"end":{"line":15,"column":65}},"type":"binary-expr","locations":[{"start":{"line":15,"column":44},"end":{"line":15,"column":47}},{"start":{"line":15,"column":51},"end":{"line":15,"column":65}}],"line":15},"2":{"loc":{"start":{"line":15,"column":107},"end":{"line":15,"column":228}},"type":"if","locations":[{"start":{"line":15,"column":107},"end":{"line":15,"column":228}},{"start":{"line":15,"column":107},"end":{"line":15,"column":228}}],"line":15},"3":{"loc":{"start":{"line":15,"column":149},"end":{"line":15,"column":224}},"type":"if","locations":[{"start":{"line":15,"column":149},"end":{"line":15,"column":224}},{"start":{"line":15,"column":149},"end":{"line":15,"column":224}}],"line":15}},"s":{"0":1,"1":1,"2":1,"3":1,"4":1,"5":1,"6":2,"7":2,"8":0,"9":0,"10":0,"11":0,"12":0,"13":0,"14":0,"15":1,"16":1,"17":1,"18":1,"19":0,"20":0,"21":1,"22":0,"23":0,"24":1,"25":0,"26":0,"27":1,"28":0,"29":0,"30":0,"31":0},"f":{"0":2,"1":1,"2":0,"3":0,"4":0,"5":0},"b":{"0":[2,0],"1":[2,2],"2":[0,0],"3":[0,0]},"_coverageSchema":"332fd63041d2c1bcb487cc26dd0d5f7d97098a6c","hash":"35266635e4698e5825cc3cd9a7bcc1cc1c443784","contentHash":"e16a6a75e76beebb8a7be34412d319b2_11.6.0"},"/home/NIX/vershinin/Dropbox/GitHub/projects/phones-shop/src/constans/basketTypes.js":{"path":"/home/NIX/vershinin/Dropbox/GitHub/projects/phones-shop/src/constans/basketTypes.js","statementMap":{"0":{"start":{"line":3,"column":0},"end":{"line":5,"column":3}},"1":{"start":{"line":6,"column":26},"end":{"line":6,"column":77}},"2":{"start":{"line":7,"column":31},"end":{"line":7,"column":92}},"3":{"start":{"line":8,"column":19},"end":{"line":8,"column":56}},"4":{"start":{"line":9,"column":22},"end":{"line":9,"column":65}}},"fnMap":{},"branchMap":{},"s":{"0":1,"1":1,"2":1,"3":1,"4":1},"f":{},"b":{},"_coverageSchema":"332fd63041d2c1bcb487cc26dd0d5f7d97098a6c","hash":"9563b99836587b3012df8033ec323ed595242a87","contentHash":"68db9902799c069730aee5fb8bd8ebbd_11.6.0"},"/home/NIX/vershinin/Dropbox/GitHub/projects/phones-shop/src/actions/basketAction.js":{"path":"/home/NIX/vershinin/Dropbox/GitHub/projects/phones-shop/src/actions/basketAction.js","statementMap":{"0":{"start":{"line":3,"column":0},"end":{"line":5,"column":3}},"1":{"start":{"line":6,"column":0},"end":{"line":6,"column":122}},"2":{"start":{"line":8,"column":19},"end":{"line":8,"column":53}},"3":{"start":{"line":10,"column":29},"end":{"line":15,"column":1}},"4":{"start":{"line":11,"column":2},"end":{"line":14,"column":4}},"5":{"start":{"line":17,"column":28},"end":{"line":22,"column":1}},"6":{"start":{"line":18,"column":2},"end":{"line":21,"column":4}},"7":{"start":{"line":24,"column":18},"end":{"line":28,"column":1}},"8":{"start":{"line":25,"column":2},"end":{"line":27,"column":4}},"9":{"start":{"line":30,"column":21},"end":{"line":34,"column":1}},"10":{"start":{"line":31,"column":2},"end":{"line":33,"column":4}},"11":{"start":{"line":32,"column":4},"end":{"line":32,"column":34}}},"fnMap":{"0":{"name":"addPhoneToBasketAction","decl":{"start":{"line":10,"column":71},"end":{"line":10,"column":93}},"loc":{"start":{"line":10,"column":98},"end":{"line":15,"column":1}},"line":10},"1":{"name":"removePhoneFromBasket","decl":{"start":{"line":17,"column":69},"end":{"line":17,"column":90}},"loc":{"start":{"line":17,"column":95},"end":{"line":22,"column":1}},"line":17},"2":{"name":"cleanBasket","decl":{"start":{"line":24,"column":49},"end":{"line":24,"column":60}},"loc":{"start":{"line":24,"column":63},"end":{"line":28,"column":1}},"line":24},"3":{"name":"basketCheckout","decl":{"start":{"line":30,"column":55},"end":{"line":30,"column":69}},"loc":{"start":{"line":30,"column":78},"end":{"line":34,"column":1}},"line":30},"4":{"name":"(anonymous_4)","decl":{"start":{"line":31,"column":9},"end":{"line":31,"column":10}},"loc":{"start":{"line":31,"column":21},"end":{"line":33,"column":3}},"line":31}},"branchMap":{},"s":{"0":1,"1":1,"2":1,"3":1,"4":0,"5":1,"6":0,"7":1,"8":0,"9":1,"10":0,"11":0},"f":{"0":0,"1":0,"2":0,"3":0,"4":0},"b":{},"_coverageSchema":"332fd63041d2c1bcb487cc26dd0d5f7d97098a6c","hash":"dfc64abdcfeb31840b8302bc2f7310041261a255","contentHash":"d6813f603a4445895bd774bad052ee70_11.6.0"},"/home/NIX/vershinin/Dropbox/GitHub/projects/phones-shop/src/actions/tests/categoriesAction.spec.js":{"path":"/home/NIX/vershinin/Dropbox/GitHub/projects/phones-shop/src/actions/tests/categoriesAction.spec.js","statementMap":{"0":{"start":{"line":3,"column":19},"end":{"line":3,"column":55}},"1":{"start":{"line":5,"column":20},"end":{"line":5,"column":56}},"2":{"start":{"line":7,"column":12},"end":{"line":7,"column":27}},"3":{"start":{"line":9,"column":13},"end":{"line":9,"column":29}},"4":{"start":{"line":11,"column":14},"end":{"line":11,"column":44}},"5":{"start":{"line":13,"column":18},"end":{"line":13,"column":40}},"6":{"start":{"line":15,"column":19},"end":{"line":15,"column":54}},"7":{"start":{"line":17,"column":22},"end":{"line":17,"column":49}},"8":{"start":{"line":19,"column":23},"end":{"line":19,"column":62}},"9":{"start":{"line":21,"column":13},"end":{"line":21,"column":29}},"10":{"start":{"line":23,"column":23},"end":{"line":23,"column":64}},"11":{"start":{"line":25,"column":12},"end":{"line":25,"column":53}},"12":{"start":{"line":27,"column":24},"end":{"line":27,"column":54}},"13":{"start":{"line":29,"column":14},"end":{"line":29,"column":56}},"14":{"start":{"line":31,"column":22},"end":{"line":31,"column":57}},"15":{"start":{"line":33,"column":23},"end":{"line":33,"column":62}},"16":{"start":{"line":35,"column":40},"end":{"line":35,"column":267}},"17":{"start":{"line":35,"column":69},"end":{"line":35,"column":80}},"18":{"start":{"line":35,"column":103},"end":{"line":35,"column":105}},"19":{"start":{"line":35,"column":107},"end":{"line":35,"column":228}},"20":{"start":{"line":35,"column":126},"end":{"line":35,"column":226}},"21":{"start":{"line":35,"column":149},"end":{"line":35,"column":224}},"22":{"start":{"line":35,"column":201},"end":{"line":35,"column":224}},"23":{"start":{"line":35,"column":229},"end":{"line":35,"column":250}},"24":{"start":{"line":35,"column":251},"end":{"line":35,"column":265}},"25":{"start":{"line":37,"column":39},"end":{"line":37,"column":93}},"26":{"start":{"line":39,"column":33},"end":{"line":39,"column":456}},"27":{"start":{"line":39,"column":64},"end":{"line":39,"column":89}},"28":{"start":{"line":39,"column":91},"end":{"line":39,"column":453}},"29":{"start":{"line":39,"column":165},"end":{"line":39,"column":263}},"30":{"start":{"line":39,"column":182},"end":{"line":39,"column":195}},"31":{"start":{"line":39,"column":209},"end":{"line":39,"column":219}},"32":{"start":{"line":39,"column":239},"end":{"line":39,"column":253}},"33":{"start":{"line":39,"column":254},"end":{"line":39,"column":261}},"34":{"start":{"line":39,"column":264},"end":{"line":39,"column":426}},"35":{"start":{"line":39,"column":281},"end":{"line":39,"column":296}},"36":{"start":{"line":39,"column":306},"end":{"line":39,"column":424}},"37":{"start":{"line":39,"column":360},"end":{"line":39,"column":380}},"38":{"start":{"line":39,"column":401},"end":{"line":39,"column":420}},"39":{"start":{"line":39,"column":429},"end":{"line":39,"column":449}},"40":{"start":{"line":41,"column":11},"end":{"line":44,"column":1}},"41":{"start":{"line":46,"column":12},"end":{"line":48,"column":1}},"42":{"start":{"line":50,"column":0},"end":{"line":203,"column":3}},"43":{"start":{"line":51,"column":1},"end":{"line":202,"column":4}},"44":{"start":{"line":53,"column":2},"end":{"line":55,"column":5}},"45":{"start":{"line":54,"column":3},"end":{"line":54,"column":102}},"46":{"start":{"line":57,"column":2},"end":{"line":60,"column":5}},"47":{"start":{"line":58,"column":15},"end":{"line":58,"column":57}},"48":{"start":{"line":59,"column":3},"end":{"line":59,"column":90}},"49":{"start":{"line":62,"column":2},"end":{"line":65,"column":5}},"50":{"start":{"line":63,"column":15},"end":{"line":63,"column":58}},"51":{"start":{"line":64,"column":3},"end":{"line":64,"column":104}},"52":{"start":{"line":68,"column":20},"end":{"line":68,"column":42}},"53":{"start":{"line":69,"column":18},"end":{"line":69,"column":60}},"54":{"start":{"line":71,"column":2},"end":{"line":201,"column":5}},"55":{"start":{"line":72,"column":3},"end":{"line":158,"column":6}},"56":{"start":{"line":74,"column":4},"end":{"line":119,"column":9}},"57":{"start":{"line":76,"column":5},"end":{"line":118,"column":28}},"58":{"start":{"line":77,"column":6},"end":{"line":117,"column":7}},"59":{"start":{"line":78,"column":7},"end":{"line":116,"column":8}},"60":{"start":{"line":80,"column":9},"end":{"line":80,"column":45}},"61":{"start":{"line":82,"column":9},"end":{"line":82,"column":50}},"62":{"start":{"line":86,"column":9},"end":{"line":86,"column":27}},"63":{"start":{"line":87,"column":9},"end":{"line":87,"column":36}},"64":{"start":{"line":92,"column":9},"end":{"line":92,"column":40}},"65":{"start":{"line":99,"column":9},"end":{"line":99,"column":45}},"66":{"start":{"line":103,"column":9},"end":{"line":103,"column":30}},"67":{"start":{"line":104,"column":9},"end":{"line":104,"column":31}},"68":{"start":{"line":108,"column":9},"end":{"line":108,"column":89}},"69":{"start":{"line":111,"column":9},"end":{"line":111,"column":116}},"70":{"start":{"line":115,"column":9},"end":{"line":115,"column":32}},"71":{"start":{"line":122,"column":4},"end":{"line":157,"column":9}},"72":{"start":{"line":124,"column":5},"end":{"line":156,"column":29}},"73":{"start":{"line":125,"column":6},"end":{"line":155,"column":7}},"74":{"start":{"line":126,"column":7},"end":{"line":154,"column":8}},"75":{"start":{"line":128,"column":9},"end":{"line":128,"column":44}},"76":{"start":{"line":130,"column":9},"end":{"line":130,"column":45}},"77":{"start":{"line":131,"column":9},"end":{"line":131,"column":50}},"78":{"start":{"line":132,"column":9},"end":{"line":132,"column":28}},"79":{"start":{"line":133,"column":9},"end":{"line":133,"column":36}},"80":{"start":{"line":136,"column":9},"end":{"line":136,"column":40}},"81":{"start":{"line":139,"column":9},"end":{"line":139,"column":45}},"82":{"start":{"line":141,"column":9},"end":{"line":141,"column":30}},"83":{"start":{"line":142,"column":9},"end":{"line":142,"column":31}},"84":{"start":{"line":146,"column":9},"end":{"line":146,"column":89}},"85":{"start":{"line":149,"column":9},"end":{"line":149,"column":108}},"86":{"start":{"line":153,"column":9},"end":{"line":153,"column":33}},"87":{"start":{"line":160,"column":3},"end":{"line":200,"column":6}},"88":{"start":{"line":161,"column":16},"end":{"line":161,"column":20}},"89":{"start":{"line":163,"column":4},"end":{"line":165,"column":7}},"90":{"start":{"line":164,"column":5},"end":{"line":164,"column":27}},"91":{"start":{"line":167,"column":4},"end":{"line":169,"column":7}},"92":{"start":{"line":168,"column":5},"end":{"line":168,"column":26}},"93":{"start":{"line":171,"column":4},"end":{"line":179,"column":7}},"94":{"start":{"line":173,"column":27},"end":{"line":173,"column":129}},"95":{"start":{"line":175,"column":5},"end":{"line":178,"column":8}},"96":{"start":{"line":176,"column":26},"end":{"line":176,"column":44}},"97":{"start":{"line":177,"column":6},"end":{"line":177,"column":61}},"98":{"start":{"line":182,"column":4},"end":{"line":199,"column":7}},"99":{"start":{"line":185,"column":28},"end":{"line":185,"column":43}},"100":{"start":{"line":187,"column":27},"end":{"line":187,"column":129}},"101":{"start":{"line":189,"column":5},"end":{"line":198,"column":8}},"102":{"start":{"line":190,"column":26},"end":{"line":190,"column":44}},"103":{"start":{"line":193,"column":6},"end":{"line":193,"column":85}},"104":{"start":{"line":196,"column":26},"end":{"line":196,"column":80}},"105":{"start":{"line":197,"column":6},"end":{"line":197,"column":67}}},"fnMap":{"0":{"name":"_interopRequireWildcard","decl":{"start":{"line":35,"column":9},"end":{"line":35,"column":32}},"loc":{"start":{"line":35,"column":38},"end":{"line":35,"column":269}},"line":35},"1":{"name":"_interopRequireDefault","decl":{"start":{"line":37,"column":9},"end":{"line":37,"column":31}},"loc":{"start":{"line":37,"column":37},"end":{"line":37,"column":95}},"line":37},"2":{"name":"_asyncToGenerator","decl":{"start":{"line":39,"column":9},"end":{"line":39,"column":26}},"loc":{"start":{"line":39,"column":31},"end":{"line":39,"column":458}},"line":39},"3":{"name":"(anonymous_3)","decl":{"start":{"line":39,"column":40},"end":{"line":39,"column":41}},"loc":{"start":{"line":39,"column":52},"end":{"line":39,"column":455}},"line":39},"4":{"name":"(anonymous_4)","decl":{"start":{"line":39,"column":110},"end":{"line":39,"column":111}},"loc":{"start":{"line":39,"column":137},"end":{"line":39,"column":451}},"line":39},"5":{"name":"step","decl":{"start":{"line":39,"column":148},"end":{"line":39,"column":152}},"loc":{"start":{"line":39,"column":163},"end":{"line":39,"column":428}},"line":39},"6":{"name":"(anonymous_6)","decl":{"start":{"line":39,"column":341},"end":{"line":39,"column":342}},"loc":{"start":{"line":39,"column":358},"end":{"line":39,"column":382}},"line":39},"7":{"name":"(anonymous_7)","decl":{"start":{"line":39,"column":384},"end":{"line":39,"column":385}},"loc":{"start":{"line":39,"column":399},"end":{"line":39,"column":422}},"line":39},"8":{"name":"(anonymous_8)","decl":{"start":{"line":50,"column":31},"end":{"line":50,"column":32}},"loc":{"start":{"line":50,"column":43},"end":{"line":203,"column":1}},"line":50},"9":{"name":"(anonymous_9)","decl":{"start":{"line":51,"column":36},"end":{"line":51,"column":37}},"loc":{"start":{"line":51,"column":48},"end":{"line":202,"column":2}},"line":51},"10":{"name":"(anonymous_10)","decl":{"start":{"line":53,"column":45},"end":{"line":53,"column":46}},"loc":{"start":{"line":53,"column":57},"end":{"line":55,"column":3}},"line":53},"11":{"name":"(anonymous_11)","decl":{"start":{"line":57,"column":47},"end":{"line":57,"column":48}},"loc":{"start":{"line":57,"column":59},"end":{"line":60,"column":3}},"line":57},"12":{"name":"(anonymous_12)","decl":{"start":{"line":62,"column":47},"end":{"line":62,"column":48}},"loc":{"start":{"line":62,"column":59},"end":{"line":65,"column":3}},"line":62},"13":{"name":"(anonymous_13)","decl":{"start":{"line":71,"column":42},"end":{"line":71,"column":43}},"loc":{"start":{"line":71,"column":54},"end":{"line":201,"column":3}},"line":71},"14":{"name":"(anonymous_14)","decl":{"start":{"line":72,"column":31},"end":{"line":72,"column":32}},"loc":{"start":{"line":72,"column":43},"end":{"line":158,"column":4}},"line":72},"15":{"name":"_callee","decl":{"start":{"line":74,"column":117},"end":{"line":74,"column":124}},"loc":{"start":{"line":74,"column":127},"end":{"line":119,"column":5}},"line":74},"16":{"name":"_callee$","decl":{"start":{"line":76,"column":48},"end":{"line":76,"column":56}},"loc":{"start":{"line":76,"column":67},"end":{"line":118,"column":6}},"line":76},"17":{"name":"_callee2","decl":{"start":{"line":122,"column":122},"end":{"line":122,"column":130}},"loc":{"start":{"line":122,"column":133},"end":{"line":157,"column":5}},"line":122},"18":{"name":"_callee2$","decl":{"start":{"line":124,"column":48},"end":{"line":124,"column":57}},"loc":{"start":{"line":124,"column":69},"end":{"line":156,"column":6}},"line":124},"19":{"name":"(anonymous_19)","decl":{"start":{"line":160,"column":42},"end":{"line":160,"column":43}},"loc":{"start":{"line":160,"column":54},"end":{"line":200,"column":4}},"line":160},"20":{"name":"(anonymous_20)","decl":{"start":{"line":163,"column":15},"end":{"line":163,"column":16}},"loc":{"start":{"line":163,"column":27},"end":{"line":165,"column":5}},"line":163},"21":{"name":"(anonymous_21)","decl":{"start":{"line":167,"column":14},"end":{"line":167,"column":15}},"loc":{"start":{"line":167,"column":26},"end":{"line":169,"column":5}},"line":167},"22":{"name":"(anonymous_22)","decl":{"start":{"line":171,"column":49},"end":{"line":171,"column":50}},"loc":{"start":{"line":171,"column":61},"end":{"line":179,"column":5}},"line":171},"23":{"name":"(anonymous_23)","decl":{"start":{"line":175,"column":65},"end":{"line":175,"column":66}},"loc":{"start":{"line":175,"column":77},"end":{"line":178,"column":6}},"line":175},"24":{"name":"(anonymous_24)","decl":{"start":{"line":182,"column":54},"end":{"line":182,"column":55}},"loc":{"start":{"line":182,"column":66},"end":{"line":199,"column":5}},"line":182},"25":{"name":"(anonymous_25)","decl":{"start":{"line":189,"column":65},"end":{"line":189,"column":66}},"loc":{"start":{"line":189,"column":77},"end":{"line":198,"column":6}},"line":189}},"branchMap":{"0":{"loc":{"start":{"line":35,"column":40},"end":{"line":35,"column":267}},"type":"if","locations":[{"start":{"line":35,"column":40},"end":{"line":35,"column":267}},{"start":{"line":35,"column":40},"end":{"line":35,"column":267}}],"line":35},"1":{"loc":{"start":{"line":35,"column":44},"end":{"line":35,"column":65}},"type":"binary-expr","locations":[{"start":{"line":35,"column":44},"end":{"line":35,"column":47}},{"start":{"line":35,"column":51},"end":{"line":35,"column":65}}],"line":35},"2":{"loc":{"start":{"line":35,"column":107},"end":{"line":35,"column":228}},"type":"if","locations":[{"start":{"line":35,"column":107},"end":{"line":35,"column":228}},{"start":{"line":35,"column":107},"end":{"line":35,"column":228}}],"line":35},"3":{"loc":{"start":{"line":35,"column":149},"end":{"line":35,"column":224}},"type":"if","locations":[{"start":{"line":35,"column":149},"end":{"line":35,"column":224}},{"start":{"line":35,"column":149},"end":{"line":35,"column":224}}],"line":35},"4":{"loc":{"start":{"line":37,"column":46},"end":{"line":37,"column":92}},"type":"cond-expr","locations":[{"start":{"line":37,"column":70},"end":{"line":37,"column":73}},{"start":{"line":37,"column":76},"end":{"line":37,"column":92}}],"line":37},"5":{"loc":{"start":{"line":37,"column":46},"end":{"line":37,"column":67}},"type":"binary-expr","locations":[{"start":{"line":37,"column":46},"end":{"line":37,"column":49}},{"start":{"line":37,"column":53},"end":{"line":37,"column":67}}],"line":37},"6":{"loc":{"start":{"line":39,"column":264},"end":{"line":39,"column":426}},"type":"if","locations":[{"start":{"line":39,"column":264},"end":{"line":39,"column":426}},{"start":{"line":39,"column":264},"end":{"line":39,"column":426}}],"line":39},"7":{"loc":{"start":{"line":78,"column":7},"end":{"line":116,"column":8}},"type":"switch","locations":[{"start":{"line":79,"column":8},"end":{"line":87,"column":36}},{"start":{"line":89,"column":8},"end":{"line":111,"column":116}},{"start":{"line":113,"column":8},"end":{"line":113,"column":16}},{"start":{"line":114,"column":8},"end":{"line":115,"column":32}}],"line":78},"8":{"loc":{"start":{"line":126,"column":7},"end":{"line":154,"column":8}},"type":"switch","locations":[{"start":{"line":127,"column":8},"end":{"line":133,"column":36}},{"start":{"line":135,"column":8},"end":{"line":149,"column":108}},{"start":{"line":151,"column":8},"end":{"line":151,"column":16}},{"start":{"line":152,"column":8},"end":{"line":153,"column":33}}],"line":126}},"s":{"0":1,"1":1,"2":1,"3":1,"4":1,"5":1,"6":1,"7":1,"8":1,"9":1,"10":1,"11":1,"12":1,"13":1,"14":1,"15":1,"16":2,"17":2,"18":0,"19":0,"20":0,"21":0,"22":0,"23":0,"24":0,"25":5,"26":2,"27":0,"28":0,"29":0,"30":0,"31":0,"32":0,"33":0,"34":0,"35":0,"36":0,"37":0,"38":0,"39":0,"40":1,"41":1,"42":1,"43":1,"44":1,"45":0,"46":1,"47":0,"48":0,"49":1,"50":0,"51":0,"52":1,"53":1,"54":1,"55":1,"56":1,"57":0,"58":0,"59":0,"60":0,"61":0,"62":0,"63":0,"64":0,"65":0,"66":0,"67":0,"68":0,"69":0,"70":0,"71":1,"72":0,"73":0,"74":0,"75":0,"76":0,"77":0,"78":0,"79":0,"80":0,"81":0,"82":0,"83":0,"84":0,"85":0,"86":0,"87":1,"88":1,"89":1,"90":0,"91":1,"92":0,"93":1,"94":0,"95":0,"96":0,"97":0,"98":1,"99":0,"100":0,"101":0,"102":0,"103":0,"104":0,"105":0},"f":{"0":2,"1":5,"2":2,"3":0,"4":0,"5":0,"6":0,"7":0,"8":1,"9":1,"10":0,"11":0,"12":0,"13":1,"14":1,"15":0,"16":0,"17":0,"18":0,"19":1,"20":0,"21":0,"22":0,"23":0,"24":0,"25":0},"b":{"0":[2,0],"1":[2,2],"2":[0,0],"3":[0,0],"4":[2,3],"5":[5,5],"6":[0,0],"7":[0,0,0,0],"8":[0,0,0,0]},"_coverageSchema":"332fd63041d2c1bcb487cc26dd0d5f7d97098a6c","hash":"8c56e97839030f880046c98606be3f7982c1c5c3","contentHash":"14645a345972d0fdc3fee1945c4f8383_11.6.0"},"/home/NIX/vershinin/Dropbox/GitHub/projects/phones-shop/src/constans/categoriesTypes.js":{"path":"/home/NIX/vershinin/Dropbox/GitHub/projects/phones-shop/src/constans/categoriesTypes.js","statementMap":{"0":{"start":{"line":3,"column":0},"end":{"line":5,"column":3}},"1":{"start":{"line":6,"column":29},"end":{"line":6,"column":86}},"2":{"start":{"line":7,"column":31},"end":{"line":7,"column":92}},"3":{"start":{"line":8,"column":31},"end":{"line":8,"column":92}}},"fnMap":{},"branchMap":{},"s":{"0":1,"1":1,"2":1,"3":1},"f":{},"b":{},"_coverageSchema":"332fd63041d2c1bcb487cc26dd0d5f7d97098a6c","hash":"91b1224da088b903f66d2c24e731f01241a201b0","contentHash":"3beac58a32881b5b00e9c7fb05238cf7_11.6.0"},"/home/NIX/vershinin/Dropbox/GitHub/projects/phones-shop/src/actions/categoriesAction.js":{"path":"/home/NIX/vershinin/Dropbox/GitHub/projects/phones-shop/src/actions/categoriesAction.js","statementMap":{"0":{"start":{"line":3,"column":0},"end":{"line":5,"column":3}},"1":{"start":{"line":6,"column":0},"end":{"line":6,"column":157}},"2":{"start":{"line":8,"column":19},"end":{"line":8,"column":55}},"3":{"start":{"line":10,"column":20},"end":{"line":10,"column":56}},"4":{"start":{"line":12,"column":23},"end":{"line":12,"column":61}},"5":{"start":{"line":14,"column":26},"end":{"line":14,"column":62}},"6":{"start":{"line":16,"column":39},"end":{"line":16,"column":93}},"7":{"start":{"line":18,"column":33},"end":{"line":18,"column":456}},"8":{"start":{"line":18,"column":64},"end":{"line":18,"column":89}},"9":{"start":{"line":18,"column":91},"end":{"line":18,"column":453}},"10":{"start":{"line":18,"column":165},"end":{"line":18,"column":263}},"11":{"start":{"line":18,"column":182},"end":{"line":18,"column":195}},"12":{"start":{"line":18,"column":209},"end":{"line":18,"column":219}},"13":{"start":{"line":18,"column":239},"end":{"line":18,"column":253}},"14":{"start":{"line":18,"column":254},"end":{"line":18,"column":261}},"15":{"start":{"line":18,"column":264},"end":{"line":18,"column":426}},"16":{"start":{"line":18,"column":281},"end":{"line":18,"column":296}},"17":{"start":{"line":18,"column":306},"end":{"line":18,"column":424}},"18":{"start":{"line":18,"column":360},"end":{"line":18,"column":380}},"19":{"start":{"line":18,"column":401},"end":{"line":18,"column":420}},"20":{"start":{"line":18,"column":429},"end":{"line":18,"column":449}},"21":{"start":{"line":20,"column":33},"end":{"line":24,"column":1}},"22":{"start":{"line":21,"column":2},"end":{"line":23,"column":4}},"23":{"start":{"line":26,"column":35},"end":{"line":31,"column":1}},"24":{"start":{"line":27,"column":2},"end":{"line":30,"column":4}},"25":{"start":{"line":33,"column":35},"end":{"line":39,"column":1}},"26":{"start":{"line":34,"column":2},"end":{"line":38,"column":4}},"27":{"start":{"line":41,"column":28},"end":{"line":81,"column":1}},"28":{"start":{"line":42,"column":2},"end":{"line":80,"column":6}},"29":{"start":{"line":43,"column":15},"end":{"line":75,"column":7}},"30":{"start":{"line":45,"column":6},"end":{"line":74,"column":39}},"31":{"start":{"line":46,"column":8},"end":{"line":73,"column":9}},"32":{"start":{"line":47,"column":10},"end":{"line":72,"column":11}},"33":{"start":{"line":49,"column":14},"end":{"line":49,"column":53}},"34":{"start":{"line":51,"column":14},"end":{"line":51,"column":32}},"35":{"start":{"line":52,"column":14},"end":{"line":52,"column":32}},"36":{"start":{"line":53,"column":14},"end":{"line":53,"column":64}},"37":{"start":{"line":56,"column":14},"end":{"line":56,"column":37}},"38":{"start":{"line":58,"column":14},"end":{"line":58,"column":61}},"39":{"start":{"line":60,"column":14},"end":{"line":60,"column":33}},"40":{"start":{"line":61,"column":14},"end":{"line":61,"column":20}},"41":{"start":{"line":64,"column":14},"end":{"line":64,"column":32}},"42":{"start":{"line":65,"column":14},"end":{"line":65,"column":49}},"43":{"start":{"line":67,"column":14},"end":{"line":67,"column":66}},"44":{"start":{"line":71,"column":14},"end":{"line":71,"column":37}},"45":{"start":{"line":77,"column":4},"end":{"line":79,"column":6}},"46":{"start":{"line":78,"column":6},"end":{"line":78,"column":41}}},"fnMap":{"0":{"name":"_interopRequireDefault","decl":{"start":{"line":16,"column":9},"end":{"line":16,"column":31}},"loc":{"start":{"line":16,"column":37},"end":{"line":16,"column":95}},"line":16},"1":{"name":"_asyncToGenerator","decl":{"start":{"line":18,"column":9},"end":{"line":18,"column":26}},"loc":{"start":{"line":18,"column":31},"end":{"line":18,"column":458}},"line":18},"2":{"name":"(anonymous_2)","decl":{"start":{"line":18,"column":40},"end":{"line":18,"column":41}},"loc":{"start":{"line":18,"column":52},"end":{"line":18,"column":455}},"line":18},"3":{"name":"(anonymous_3)","decl":{"start":{"line":18,"column":110},"end":{"line":18,"column":111}},"loc":{"start":{"line":18,"column":137},"end":{"line":18,"column":451}},"line":18},"4":{"name":"step","decl":{"start":{"line":18,"column":148},"end":{"line":18,"column":152}},"loc":{"start":{"line":18,"column":163},"end":{"line":18,"column":428}},"line":18},"5":{"name":"(anonymous_5)","decl":{"start":{"line":18,"column":341},"end":{"line":18,"column":342}},"loc":{"start":{"line":18,"column":358},"end":{"line":18,"column":382}},"line":18},"6":{"name":"(anonymous_6)","decl":{"start":{"line":18,"column":384},"end":{"line":18,"column":385}},"loc":{"start":{"line":18,"column":399},"end":{"line":18,"column":422}},"line":18},"7":{"name":"fetchCategoriesStartAction","decl":{"start":{"line":20,"column":79},"end":{"line":20,"column":105}},"loc":{"start":{"line":20,"column":108},"end":{"line":24,"column":1}},"line":20},"8":{"name":"fetchCategoriesSuccessAction","decl":{"start":{"line":26,"column":83},"end":{"line":26,"column":111}},"loc":{"start":{"line":26,"column":120},"end":{"line":31,"column":1}},"line":26},"9":{"name":"fetchCategoriesFailureAction","decl":{"start":{"line":33,"column":83},"end":{"line":33,"column":111}},"loc":{"start":{"line":33,"column":117},"end":{"line":39,"column":1}},"line":33},"10":{"name":"fetchCategoriesAction","decl":{"start":{"line":41,"column":69},"end":{"line":41,"column":90}},"loc":{"start":{"line":41,"column":93},"end":{"line":81,"column":1}},"line":41},"11":{"name":"(anonymous_11)","decl":{"start":{"line":42,"column":9},"end":{"line":42,"column":10}},"loc":{"start":{"line":42,"column":21},"end":{"line":80,"column":3}},"line":42},"12":{"name":"_callee","decl":{"start":{"line":43,"column":83},"end":{"line":43,"column":90}},"loc":{"start":{"line":43,"column":101},"end":{"line":75,"column":5}},"line":43},"13":{"name":"_callee$","decl":{"start":{"line":45,"column":49},"end":{"line":45,"column":57}},"loc":{"start":{"line":45,"column":68},"end":{"line":74,"column":7}},"line":45},"14":{"name":"(anonymous_14)","decl":{"start":{"line":77,"column":11},"end":{"line":77,"column":12}},"loc":{"start":{"line":77,"column":25},"end":{"line":79,"column":5}},"line":77}},"branchMap":{"0":{"loc":{"start":{"line":16,"column":46},"end":{"line":16,"column":92}},"type":"cond-expr","locations":[{"start":{"line":16,"column":70},"end":{"line":16,"column":73}},{"start":{"line":16,"column":76},"end":{"line":16,"column":92}}],"line":16},"1":{"loc":{"start":{"line":16,"column":46},"end":{"line":16,"column":67}},"type":"binary-expr","locations":[{"start":{"line":16,"column":46},"end":{"line":16,"column":49}},{"start":{"line":16,"column":53},"end":{"line":16,"column":67}}],"line":16},"2":{"loc":{"start":{"line":18,"column":264},"end":{"line":18,"column":426}},"type":"if","locations":[{"start":{"line":18,"column":264},"end":{"line":18,"column":426}},{"start":{"line":18,"column":264},"end":{"line":18,"column":426}}],"line":18},"3":{"loc":{"start":{"line":47,"column":10},"end":{"line":72,"column":11}},"type":"switch","locations":[{"start":{"line":48,"column":12},"end":{"line":53,"column":64}},{"start":{"line":55,"column":12},"end":{"line":61,"column":20}},{"start":{"line":63,"column":12},"end":{"line":67,"column":66}},{"start":{"line":69,"column":12},"end":{"line":69,"column":20}},{"start":{"line":70,"column":12},"end":{"line":71,"column":37}}],"line":47}},"s":{"0":1,"1":1,"2":1,"3":1,"4":1,"5":1,"6":1,"7":0,"8":0,"9":0,"10":0,"11":0,"12":0,"13":0,"14":0,"15":0,"16":0,"17":0,"18":0,"19":0,"20":0,"21":1,"22":0,"23":1,"24":0,"25":1,"26":0,"27":1,"28":0,"29":0,"30":0,"31":0,"32":0,"33":0,"34":0,"35":0,"36":0,"37":0,"38":0,"39":0,"40":0,"41":0,"42":0,"43":0,"44":0,"45":0,"46":0},"f":{"0":1,"1":0,"2":0,"3":0,"4":0,"5":0,"6":0,"7":0,"8":0,"9":0,"10":0,"11":0,"12":0,"13":0,"14":0},"b":{"0":[0,1],"1":[1,1],"2":[0,0],"3":[0,0,0,0,0]},"_coverageSchema":"332fd63041d2c1bcb487cc26dd0d5f7d97098a6c","hash":"092bd11fb90edbf13437582beb28015db41de9af","contentHash":"d4ab75bcc62c352e52a6037bcba03fc0_11.6.0"},"/home/NIX/vershinin/Dropbox/GitHub/projects/phones-shop/src/api/fetchCategoriesApi.js":{"path":"/home/NIX/vershinin/Dropbox/GitHub/projects/phones-shop/src/api/fetchCategoriesApi.js","statementMap":{"0":{"start":{"line":3,"column":0},"end":{"line":5,"column":3}},"1":{"start":{"line":6,"column":0},"end":{"line":6,"column":36}},"2":{"start":{"line":8,"column":19},"end":{"line":8,"column":55}},"3":{"start":{"line":10,"column":20},"end":{"line":10,"column":56}},"4":{"start":{"line":12,"column":22},"end":{"line":12,"column":49}},"5":{"start":{"line":14,"column":23},"end":{"line":14,"column":62}},"6":{"start":{"line":16,"column":39},"end":{"line":16,"column":93}},"7":{"start":{"line":18,"column":33},"end":{"line":18,"column":456}},"8":{"start":{"line":18,"column":64},"end":{"line":18,"column":89}},"9":{"start":{"line":18,"column":91},"end":{"line":18,"column":453}},"10":{"start":{"line":18,"column":165},"end":{"line":18,"column":263}},"11":{"start":{"line":18,"column":182},"end":{"line":18,"column":195}},"12":{"start":{"line":18,"column":209},"end":{"line":18,"column":219}},"13":{"start":{"line":18,"column":239},"end":{"line":18,"column":253}},"14":{"start":{"line":18,"column":254},"end":{"line":18,"column":261}},"15":{"start":{"line":18,"column":264},"end":{"line":18,"column":426}},"16":{"start":{"line":18,"column":281},"end":{"line":18,"column":296}},"17":{"start":{"line":18,"column":306},"end":{"line":18,"column":424}},"18":{"start":{"line":18,"column":360},"end":{"line":18,"column":380}},"19":{"start":{"line":18,"column":401},"end":{"line":18,"column":420}},"20":{"start":{"line":18,"column":429},"end":{"line":18,"column":449}},"21":{"start":{"line":20,"column":22},"end":{"line":41,"column":3}},"22":{"start":{"line":21,"column":13},"end":{"line":36,"column":5}},"23":{"start":{"line":22,"column":4},"end":{"line":35,"column":27}},"24":{"start":{"line":23,"column":6},"end":{"line":34,"column":7}},"25":{"start":{"line":24,"column":8},"end":{"line":33,"column":9}},"26":{"start":{"line":26,"column":12},"end":{"line":28,"column":16}},"27":{"start":{"line":27,"column":14},"end":{"line":27,"column":48}},"28":{"start":{"line":32,"column":12},"end":{"line":32,"column":35}},"29":{"start":{"line":38,"column":2},"end":{"line":40,"column":4}},"30":{"start":{"line":39,"column":4},"end":{"line":39,"column":39}}},"fnMap":{"0":{"name":"_interopRequireDefault","decl":{"start":{"line":16,"column":9},"end":{"line":16,"column":31}},"loc":{"start":{"line":16,"column":37},"end":{"line":16,"column":95}},"line":16},"1":{"name":"_asyncToGenerator","decl":{"start":{"line":18,"column":9},"end":{"line":18,"column":26}},"loc":{"start":{"line":18,"column":31},"end":{"line":18,"column":458}},"line":18},"2":{"name":"(anonymous_2)","decl":{"start":{"line":18,"column":40},"end":{"line":18,"column":41}},"loc":{"start":{"line":18,"column":52},"end":{"line":18,"column":455}},"line":18},"3":{"name":"(anonymous_3)","decl":{"start":{"line":18,"column":110},"end":{"line":18,"column":111}},"loc":{"start":{"line":18,"column":137},"end":{"line":18,"column":451}},"line":18},"4":{"name":"step","decl":{"start":{"line":18,"column":148},"end":{"line":18,"column":152}},"loc":{"start":{"line":18,"column":163},"end":{"line":18,"column":428}},"line":18},"5":{"name":"(anonymous_5)","decl":{"start":{"line":18,"column":341},"end":{"line":18,"column":342}},"loc":{"start":{"line":18,"column":358},"end":{"line":18,"column":382}},"line":18},"6":{"name":"(anonymous_6)","decl":{"start":{"line":18,"column":384},"end":{"line":18,"column":385}},"loc":{"start":{"line":18,"column":399},"end":{"line":18,"column":422}},"line":18},"7":{"name":"(anonymous_7)","decl":{"start":{"line":20,"column":48},"end":{"line":20,"column":49}},"loc":{"start":{"line":20,"column":60},"end":{"line":41,"column":1}},"line":20},"8":{"name":"_callee","decl":{"start":{"line":21,"column":81},"end":{"line":21,"column":88}},"loc":{"start":{"line":21,"column":91},"end":{"line":36,"column":3}},"line":21},"9":{"name":"_callee$","decl":{"start":{"line":22,"column":47},"end":{"line":22,"column":55}},"loc":{"start":{"line":22,"column":66},"end":{"line":35,"column":5}},"line":22},"10":{"name":"(anonymous_10)","decl":{"start":{"line":26,"column":57},"end":{"line":26,"column":58}},"loc":{"start":{"line":26,"column":84},"end":{"line":28,"column":13}},"line":26},"11":{"name":"fetchCategories","decl":{"start":{"line":38,"column":18},"end":{"line":38,"column":33}},"loc":{"start":{"line":38,"column":36},"end":{"line":40,"column":3}},"line":38}},"branchMap":{"0":{"loc":{"start":{"line":16,"column":46},"end":{"line":16,"column":92}},"type":"cond-expr","locations":[{"start":{"line":16,"column":70},"end":{"line":16,"column":73}},{"start":{"line":16,"column":76},"end":{"line":16,"column":92}}],"line":16},"1":{"loc":{"start":{"line":16,"column":46},"end":{"line":16,"column":67}},"type":"binary-expr","locations":[{"start":{"line":16,"column":46},"end":{"line":16,"column":49}},{"start":{"line":16,"column":53},"end":{"line":16,"column":67}}],"line":16},"2":{"loc":{"start":{"line":18,"column":264},"end":{"line":18,"column":426}},"type":"if","locations":[{"start":{"line":18,"column":264},"end":{"line":18,"column":426}},{"start":{"line":18,"column":264},"end":{"line":18,"column":426}}],"line":18},"3":{"loc":{"start":{"line":24,"column":8},"end":{"line":33,"column":9}},"type":"switch","locations":[{"start":{"line":25,"column":10},"end":{"line":28,"column":16}},{"start":{"line":30,"column":10},"end":{"line":30,"column":17}},{"start":{"line":31,"column":10},"end":{"line":32,"column":35}}],"line":24}},"s":{"0":1,"1":1,"2":1,"3":1,"4":1,"5":1,"6":2,"7":1,"8":0,"9":0,"10":0,"11":0,"12":0,"13":0,"14":0,"15":0,"16":0,"17":0,"18":0,"19":0,"20":0,"21":1,"22":1,"23":0,"24":0,"25":0,"26":0,"27":0,"28":0,"29":1,"30":0},"f":{"0":2,"1":1,"2":0,"3":0,"4":0,"5":0,"6":0,"7":1,"8":0,"9":0,"10":0,"11":0},"b":{"0":[1,1],"1":[2,2],"2":[0,0],"3":[0,0,0]},"_coverageSchema":"332fd63041d2c1bcb487cc26dd0d5f7d97098a6c","hash":"4a470dcca2b45fa4dfc72caea710da1fdbc02ead","contentHash":"26637c56aa0be7218fa3e7a49d0e14aa_11.6.0"},"/home/NIX/vershinin/Dropbox/GitHub/projects/phones-shop/src/api/mockCategories.js":{"path":"/home/NIX/vershinin/Dropbox/GitHub/projects/phones-shop/src/api/mockCategories.js","statementMap":{"0":{"start":{"line":3,"column":0},"end":{"line":5,"column":3}},"1":{"start":{"line":6,"column":0},"end":{"line":21,"column":3}}},"fnMap":{},"branchMap":{},"s":{"0":1,"1":1},"f":{},"b":{},"_coverageSchema":"332fd63041d2c1bcb487cc26dd0d5f7d97098a6c","hash":"520661a85804399442e21e09530ffbcd3389ac43","contentHash":"97b34fa7432bf107c7969fa38c6122ed_11.6.0"},"/home/NIX/vershinin/Dropbox/GitHub/projects/phones-shop/src/actions/tests/phonesActions.spec.js":{"path":"/home/NIX/vershinin/Dropbox/GitHub/projects/phones-shop/src/actions/tests/phonesActions.spec.js","statementMap":{"0":{"start":{"line":3,"column":12},"end":{"line":3,"column":27}},"1":{"start":{"line":5,"column":13},"end":{"line":5,"column":29}},"2":{"start":{"line":7,"column":14},"end":{"line":7,"column":44}},"3":{"start":{"line":9,"column":18},"end":{"line":9,"column":40}},"4":{"start":{"line":11,"column":19},"end":{"line":11,"column":54}},"5":{"start":{"line":13,"column":22},"end":{"line":13,"column":49}},"6":{"start":{"line":15,"column":23},"end":{"line":15,"column":62}},"7":{"start":{"line":17,"column":17},"end":{"line":17,"column":38}},"8":{"start":{"line":19,"column":18},"end":{"line":19,"column":52}},"9":{"start":{"line":21,"column":24},"end":{"line":21,"column":66}},"10":{"start":{"line":23,"column":12},"end":{"line":23,"column":54}},"11":{"start":{"line":25,"column":20},"end":{"line":25,"column":46}},"12":{"start":{"line":27,"column":11},"end":{"line":27,"column":49}},"13":{"start":{"line":29,"column":20},"end":{"line":29,"column":55}},"14":{"start":{"line":31,"column":13},"end":{"line":31,"column":39}},"15":{"start":{"line":33,"column":40},"end":{"line":33,"column":267}},"16":{"start":{"line":33,"column":69},"end":{"line":33,"column":80}},"17":{"start":{"line":33,"column":103},"end":{"line":33,"column":105}},"18":{"start":{"line":33,"column":107},"end":{"line":33,"column":228}},"19":{"start":{"line":33,"column":126},"end":{"line":33,"column":226}},"20":{"start":{"line":33,"column":149},"end":{"line":33,"column":224}},"21":{"start":{"line":33,"column":201},"end":{"line":33,"column":224}},"22":{"start":{"line":33,"column":229},"end":{"line":33,"column":250}},"23":{"start":{"line":33,"column":251},"end":{"line":33,"column":265}},"24":{"start":{"line":35,"column":39},"end":{"line":35,"column":93}},"25":{"start":{"line":37,"column":0},"end":{"line":266,"column":3}},"26":{"start":{"line":39,"column":1},"end":{"line":65,"column":4}},"27":{"start":{"line":41,"column":2},"end":{"line":44,"column":5}},"28":{"start":{"line":42,"column":16},"end":{"line":42,"column":45}},"29":{"start":{"line":43,"column":3},"end":{"line":43,"column":42}},"30":{"start":{"line":46,"column":2},"end":{"line":50,"column":5}},"31":{"start":{"line":47,"column":15},"end":{"line":47,"column":74}},"32":{"start":{"line":48,"column":16},"end":{"line":48,"column":86}},"33":{"start":{"line":49,"column":3},"end":{"line":49,"column":41}},"34":{"start":{"line":52,"column":2},"end":{"line":56,"column":5}},"35":{"start":{"line":53,"column":15},"end":{"line":53,"column":72}},"36":{"start":{"line":54,"column":16},"end":{"line":54,"column":86}},"37":{"start":{"line":55,"column":3},"end":{"line":55,"column":41}},"38":{"start":{"line":58,"column":2},"end":{"line":64,"column":5}},"39":{"start":{"line":59,"column":13},"end":{"line":59,"column":15}},"40":{"start":{"line":60,"column":15},"end":{"line":60,"column":49}},"41":{"start":{"line":62,"column":16},"end":{"line":62,"column":79}},"42":{"start":{"line":63,"column":3},"end":{"line":63,"column":41}},"43":{"start":{"line":67,"column":19},"end":{"line":67,"column":41}},"44":{"start":{"line":68,"column":17},"end":{"line":68,"column":59}},"45":{"start":{"line":70,"column":1},"end":{"line":102,"column":4}},"46":{"start":{"line":72,"column":15},"end":{"line":72,"column":53}},"47":{"start":{"line":73,"column":14},"end":{"line":73,"column":18}},"48":{"start":{"line":75,"column":17},"end":{"line":79,"column":3}},"49":{"start":{"line":81,"column":2},"end":{"line":84,"column":5}},"50":{"start":{"line":82,"column":3},"end":{"line":82,"column":86}},"51":{"start":{"line":83,"column":3},"end":{"line":83,"column":25}},"52":{"start":{"line":86,"column":2},"end":{"line":89,"column":5}},"53":{"start":{"line":87,"column":3},"end":{"line":87,"column":33}},"54":{"start":{"line":88,"column":3},"end":{"line":88,"column":24}},"55":{"start":{"line":91,"column":2},"end":{"line":101,"column":5}},"56":{"start":{"line":93,"column":25},"end":{"line":93,"column":119}},"57":{"start":{"line":95,"column":3},"end":{"line":95,"column":60}},"58":{"start":{"line":97,"column":3},"end":{"line":100,"column":6}},"59":{"start":{"line":98,"column":24},"end":{"line":98,"column":42}},"60":{"start":{"line":99,"column":4},"end":{"line":99,"column":59}},"61":{"start":{"line":104,"column":1},"end":{"line":146,"column":4}},"62":{"start":{"line":105,"column":15},"end":{"line":105,"column":53}},"63":{"start":{"line":106,"column":14},"end":{"line":106,"column":18}},"64":{"start":{"line":108,"column":17},"end":{"line":112,"column":3}},"65":{"start":{"line":114,"column":12},"end":{"line":114,"column":27}},"66":{"start":{"line":116,"column":2},"end":{"line":119,"column":5}},"67":{"start":{"line":117,"column":3},"end":{"line":117,"column":51}},"68":{"start":{"line":118,"column":3},"end":{"line":118,"column":25}},"69":{"start":{"line":121,"column":2},"end":{"line":124,"column":5}},"70":{"start":{"line":122,"column":3},"end":{"line":122,"column":33}},"71":{"start":{"line":123,"column":3},"end":{"line":123,"column":24}},"72":{"start":{"line":126,"column":2},"end":{"line":145,"column":5}},"73":{"start":{"line":128,"column":25},"end":{"line":128,"column":92}},"74":{"start":{"line":130,"column":3},"end":{"line":130,"column":60}},"75":{"start":{"line":132,"column":3},"end":{"line":144,"column":6}},"76":{"start":{"line":133,"column":24},"end":{"line":133,"column":42}},"77":{"start":{"line":135,"column":4},"end":{"line":135,"column":76}},"78":{"start":{"line":137,"column":24},"end":{"line":137,"column":60}},"79":{"start":{"line":140,"column":4},"end":{"line":140,"column":65}},"80":{"start":{"line":143,"column":4},"end":{"line":143,"column":63}},"81":{"start":{"line":148,"column":1},"end":{"line":166,"column":4}},"82":{"start":{"line":149,"column":2},"end":{"line":152,"column":5}},"83":{"start":{"line":150,"column":16},"end":{"line":150,"column":42}},"84":{"start":{"line":151,"column":3},"end":{"line":151,"column":42}},"85":{"start":{"line":154,"column":2},"end":{"line":158,"column":5}},"86":{"start":{"line":155,"column":15},"end":{"line":155,"column":66}},"87":{"start":{"line":156,"column":16},"end":{"line":156,"column":91}},"88":{"start":{"line":157,"column":3},"end":{"line":157,"column":41}},"89":{"start":{"line":160,"column":2},"end":{"line":165,"column":5}},"90":{"start":{"line":161,"column":13},"end":{"line":161,"column":15}},"91":{"start":{"line":162,"column":15},"end":{"line":162,"column":46}},"92":{"start":{"line":163,"column":16},"end":{"line":163,"column":84}},"93":{"start":{"line":164,"column":3},"end":{"line":164,"column":41}},"94":{"start":{"line":168,"column":1},"end":{"line":202,"column":4}},"95":{"start":{"line":169,"column":14},"end":{"line":169,"column":18}},"96":{"start":{"line":171,"column":2},"end":{"line":173,"column":5}},"97":{"start":{"line":172,"column":3},"end":{"line":172,"column":25}},"98":{"start":{"line":175,"column":2},"end":{"line":177,"column":5}},"99":{"start":{"line":176,"column":3},"end":{"line":176,"column":24}},"100":{"start":{"line":179,"column":2},"end":{"line":186,"column":5}},"101":{"start":{"line":180,"column":25},"end":{"line":180,"column":110}},"102":{"start":{"line":182,"column":3},"end":{"line":185,"column":6}},"103":{"start":{"line":183,"column":24},"end":{"line":183,"column":42}},"104":{"start":{"line":184,"column":4},"end":{"line":184,"column":59}},"105":{"start":{"line":189,"column":2},"end":{"line":201,"column":5}},"106":{"start":{"line":190,"column":26},"end":{"line":190,"column":41}},"107":{"start":{"line":192,"column":25},"end":{"line":192,"column":105}},"108":{"start":{"line":194,"column":3},"end":{"line":200,"column":6}},"109":{"start":{"line":195,"column":24},"end":{"line":195,"column":42}},"110":{"start":{"line":196,"column":4},"end":{"line":196,"column":73}},"111":{"start":{"line":198,"column":24},"end":{"line":198,"column":68}},"112":{"start":{"line":199,"column":4},"end":{"line":199,"column":65}},"113":{"start":{"line":204,"column":1},"end":{"line":224,"column":4}},"114":{"start":{"line":206,"column":2},"end":{"line":209,"column":5}},"115":{"start":{"line":207,"column":16},"end":{"line":207,"column":48}},"116":{"start":{"line":208,"column":3},"end":{"line":208,"column":42}},"117":{"start":{"line":211,"column":2},"end":{"line":215,"column":5}},"118":{"start":{"line":212,"column":15},"end":{"line":212,"column":72}},"119":{"start":{"line":213,"column":16},"end":{"line":213,"column":90}},"120":{"start":{"line":214,"column":3},"end":{"line":214,"column":41}},"121":{"start":{"line":217,"column":2},"end":{"line":223,"column":5}},"122":{"start":{"line":218,"column":13},"end":{"line":218,"column":15}},"123":{"start":{"line":219,"column":15},"end":{"line":219,"column":52}},"124":{"start":{"line":221,"column":16},"end":{"line":221,"column":83}},"125":{"start":{"line":222,"column":3},"end":{"line":222,"column":41}},"126":{"start":{"line":226,"column":1},"end":{"line":265,"column":4}},"127":{"start":{"line":228,"column":14},"end":{"line":228,"column":18}},"128":{"start":{"line":230,"column":2},"end":{"line":232,"column":5}},"129":{"start":{"line":231,"column":3},"end":{"line":231,"column":34}},"130":{"start":{"line":234,"column":2},"end":{"line":236,"column":5}},"131":{"start":{"line":235,"column":3},"end":{"line":235,"column":24}},"132":{"start":{"line":238,"column":2},"end":{"line":246,"column":5}},"133":{"start":{"line":240,"column":25},"end":{"line":240,"column":118}},"134":{"start":{"line":242,"column":3},"end":{"line":245,"column":6}},"135":{"start":{"line":243,"column":24},"end":{"line":243,"column":42}},"136":{"start":{"line":244,"column":4},"end":{"line":244,"column":60}},"137":{"start":{"line":248,"column":2},"end":{"line":264,"column":5}},"138":{"start":{"line":250,"column":26},"end":{"line":250,"column":41}},"139":{"start":{"line":252,"column":25},"end":{"line":252,"column":111}},"140":{"start":{"line":254,"column":3},"end":{"line":263,"column":6}},"141":{"start":{"line":255,"column":24},"end":{"line":255,"column":42}},"142":{"start":{"line":258,"column":4},"end":{"line":258,"column":74}},"143":{"start":{"line":261,"column":24},"end":{"line":261,"column":74}},"144":{"start":{"line":262,"column":4},"end":{"line":262,"column":65}}},"fnMap":{"0":{"name":"_interopRequireWildcard","decl":{"start":{"line":33,"column":9},"end":{"line":33,"column":32}},"loc":{"start":{"line":33,"column":38},"end":{"line":33,"column":269}},"line":33},"1":{"name":"_interopRequireDefault","decl":{"start":{"line":35,"column":9},"end":{"line":35,"column":31}},"loc":{"start":{"line":35,"column":37},"end":{"line":35,"column":95}},"line":35},"2":{"name":"(anonymous_2)","decl":{"start":{"line":37,"column":27},"end":{"line":37,"column":28}},"loc":{"start":{"line":37,"column":39},"end":{"line":266,"column":1}},"line":37},"3":{"name":"(anonymous_3)","decl":{"start":{"line":39,"column":31},"end":{"line":39,"column":32}},"loc":{"start":{"line":39,"column":43},"end":{"line":65,"column":2}},"line":39},"4":{"name":"(anonymous_4)","decl":{"start":{"line":41,"column":41},"end":{"line":41,"column":42}},"loc":{"start":{"line":41,"column":53},"end":{"line":44,"column":3}},"line":41},"5":{"name":"(anonymous_5)","decl":{"start":{"line":46,"column":50},"end":{"line":46,"column":51}},"loc":{"start":{"line":46,"column":62},"end":{"line":50,"column":3}},"line":46},"6":{"name":"(anonymous_6)","decl":{"start":{"line":52,"column":48},"end":{"line":52,"column":49}},"loc":{"start":{"line":52,"column":60},"end":{"line":56,"column":3}},"line":52},"7":{"name":"(anonymous_7)","decl":{"start":{"line":58,"column":43},"end":{"line":58,"column":44}},"loc":{"start":{"line":58,"column":55},"end":{"line":64,"column":3}},"line":58},"8":{"name":"(anonymous_8)","decl":{"start":{"line":70,"column":45},"end":{"line":70,"column":46}},"loc":{"start":{"line":70,"column":57},"end":{"line":102,"column":2}},"line":70},"9":{"name":"(anonymous_9)","decl":{"start":{"line":81,"column":13},"end":{"line":81,"column":14}},"loc":{"start":{"line":81,"column":25},"end":{"line":84,"column":3}},"line":81},"10":{"name":"(anonymous_10)","decl":{"start":{"line":86,"column":12},"end":{"line":86,"column":13}},"loc":{"start":{"line":86,"column":24},"end":{"line":89,"column":3}},"line":86},"11":{"name":"(anonymous_11)","decl":{"start":{"line":91,"column":29},"end":{"line":91,"column":30}},"loc":{"start":{"line":91,"column":41},"end":{"line":101,"column":3}},"line":91},"12":{"name":"(anonymous_12)","decl":{"start":{"line":97,"column":56},"end":{"line":97,"column":57}},"loc":{"start":{"line":97,"column":68},"end":{"line":100,"column":4}},"line":97},"13":{"name":"(anonymous_13)","decl":{"start":{"line":104,"column":45},"end":{"line":104,"column":46}},"loc":{"start":{"line":104,"column":57},"end":{"line":146,"column":2}},"line":104},"14":{"name":"(anonymous_14)","decl":{"start":{"line":116,"column":13},"end":{"line":116,"column":14}},"loc":{"start":{"line":116,"column":25},"end":{"line":119,"column":3}},"line":116},"15":{"name":"(anonymous_15)","decl":{"start":{"line":121,"column":12},"end":{"line":121,"column":13}},"loc":{"start":{"line":121,"column":24},"end":{"line":124,"column":3}},"line":121},"16":{"name":"(anonymous_16)","decl":{"start":{"line":126,"column":28},"end":{"line":126,"column":29}},"loc":{"start":{"line":126,"column":40},"end":{"line":145,"column":3}},"line":126},"17":{"name":"(anonymous_17)","decl":{"start":{"line":132,"column":56},"end":{"line":132,"column":57}},"loc":{"start":{"line":132,"column":68},"end":{"line":144,"column":4}},"line":132},"18":{"name":"(anonymous_18)","decl":{"start":{"line":148,"column":28},"end":{"line":148,"column":29}},"loc":{"start":{"line":148,"column":40},"end":{"line":166,"column":2}},"line":148},"19":{"name":"(anonymous_19)","decl":{"start":{"line":149,"column":46},"end":{"line":149,"column":47}},"loc":{"start":{"line":149,"column":58},"end":{"line":152,"column":3}},"line":149},"20":{"name":"(anonymous_20)","decl":{"start":{"line":154,"column":48},"end":{"line":154,"column":49}},"loc":{"start":{"line":154,"column":60},"end":{"line":158,"column":3}},"line":154},"21":{"name":"(anonymous_21)","decl":{"start":{"line":160,"column":43},"end":{"line":160,"column":44}},"loc":{"start":{"line":160,"column":55},"end":{"line":165,"column":3}},"line":160},"22":{"name":"(anonymous_22)","decl":{"start":{"line":168,"column":34},"end":{"line":168,"column":35}},"loc":{"start":{"line":168,"column":46},"end":{"line":202,"column":2}},"line":168},"23":{"name":"(anonymous_23)","decl":{"start":{"line":171,"column":13},"end":{"line":171,"column":14}},"loc":{"start":{"line":171,"column":25},"end":{"line":173,"column":3}},"line":171},"24":{"name":"(anonymous_24)","decl":{"start":{"line":175,"column":12},"end":{"line":175,"column":13}},"loc":{"start":{"line":175,"column":24},"end":{"line":177,"column":3}},"line":175},"25":{"name":"(anonymous_25)","decl":{"start":{"line":179,"column":48},"end":{"line":179,"column":49}},"loc":{"start":{"line":179,"column":60},"end":{"line":186,"column":3}},"line":179},"26":{"name":"(anonymous_26)","decl":{"start":{"line":182,"column":75},"end":{"line":182,"column":76}},"loc":{"start":{"line":182,"column":87},"end":{"line":185,"column":4}},"line":182},"27":{"name":"(anonymous_27)","decl":{"start":{"line":189,"column":53},"end":{"line":189,"column":54}},"loc":{"start":{"line":189,"column":65},"end":{"line":201,"column":3}},"line":189},"28":{"name":"(anonymous_28)","decl":{"start":{"line":194,"column":60},"end":{"line":194,"column":61}},"loc":{"start":{"line":194,"column":72},"end":{"line":200,"column":4}},"line":194},"29":{"name":"(anonymous_29)","decl":{"start":{"line":204,"column":28},"end":{"line":204,"column":29}},"loc":{"start":{"line":204,"column":40},"end":{"line":224,"column":2}},"line":204},"30":{"name":"(anonymous_30)","decl":{"start":{"line":206,"column":45},"end":{"line":206,"column":46}},"loc":{"start":{"line":206,"column":57},"end":{"line":209,"column":3}},"line":206},"31":{"name":"(anonymous_31)","decl":{"start":{"line":211,"column":47},"end":{"line":211,"column":48}},"loc":{"start":{"line":211,"column":59},"end":{"line":215,"column":3}},"line":211},"32":{"name":"(anonymous_32)","decl":{"start":{"line":217,"column":47},"end":{"line":217,"column":48}},"loc":{"start":{"line":217,"column":59},"end":{"line":223,"column":3}},"line":217},"33":{"name":"(anonymous_33)","decl":{"start":{"line":226,"column":40},"end":{"line":226,"column":41}},"loc":{"start":{"line":226,"column":52},"end":{"line":265,"column":2}},"line":226},"34":{"name":"(anonymous_34)","decl":{"start":{"line":230,"column":13},"end":{"line":230,"column":14}},"loc":{"start":{"line":230,"column":25},"end":{"line":232,"column":3}},"line":230},"35":{"name":"(anonymous_35)","decl":{"start":{"line":234,"column":12},"end":{"line":234,"column":13}},"loc":{"start":{"line":234,"column":24},"end":{"line":236,"column":3}},"line":234},"36":{"name":"(anonymous_36)","decl":{"start":{"line":238,"column":35},"end":{"line":238,"column":36}},"loc":{"start":{"line":238,"column":47},"end":{"line":246,"column":3}},"line":238},"37":{"name":"(anonymous_37)","decl":{"start":{"line":242,"column":59},"end":{"line":242,"column":60}},"loc":{"start":{"line":242,"column":71},"end":{"line":245,"column":4}},"line":242},"38":{"name":"(anonymous_38)","decl":{"start":{"line":248,"column":35},"end":{"line":248,"column":36}},"loc":{"start":{"line":248,"column":47},"end":{"line":264,"column":3}},"line":248},"39":{"name":"(anonymous_39)","decl":{"start":{"line":254,"column":63},"end":{"line":254,"column":64}},"loc":{"start":{"line":254,"column":75},"end":{"line":263,"column":4}},"line":254}},"branchMap":{"0":{"loc":{"start":{"line":33,"column":40},"end":{"line":33,"column":267}},"type":"if","locations":[{"start":{"line":33,"column":40},"end":{"line":33,"column":267}},{"start":{"line":33,"column":40},"end":{"line":33,"column":267}}],"line":33},"1":{"loc":{"start":{"line":33,"column":44},"end":{"line":33,"column":65}},"type":"binary-expr","locations":[{"start":{"line":33,"column":44},"end":{"line":33,"column":47}},{"start":{"line":33,"column":51},"end":{"line":33,"column":65}}],"line":33},"2":{"loc":{"start":{"line":33,"column":107},"end":{"line":33,"column":228}},"type":"if","locations":[{"start":{"line":33,"column":107},"end":{"line":33,"column":228}},{"start":{"line":33,"column":107},"end":{"line":33,"column":228}}],"line":33},"3":{"loc":{"start":{"line":33,"column":149},"end":{"line":33,"column":224}},"type":"if","locations":[{"start":{"line":33,"column":149},"end":{"line":33,"column":224}},{"start":{"line":33,"column":149},"end":{"line":33,"column":224}}],"line":33},"4":{"loc":{"start":{"line":35,"column":46},"end":{"line":35,"column":92}},"type":"cond-expr","locations":[{"start":{"line":35,"column":70},"end":{"line":35,"column":73}},{"start":{"line":35,"column":76},"end":{"line":35,"column":92}}],"line":35},"5":{"loc":{"start":{"line":35,"column":46},"end":{"line":35,"column":67}},"type":"binary-expr","locations":[{"start":{"line":35,"column":46},"end":{"line":35,"column":49}},{"start":{"line":35,"column":53},"end":{"line":35,"column":67}}],"line":35}},"s":{"0":1,"1":1,"2":1,"3":1,"4":1,"5":1,"6":1,"7":1,"8":1,"9":1,"10":1,"11":1,"12":1,"13":1,"14":1,"15":2,"16":2,"17":0,"18":0,"19":0,"20":0,"21":0,"22":0,"23":0,"24":4,"25":1,"26":1,"27":1,"28":0,"29":0,"30":1,"31":0,"32":0,"33":0,"34":1,"35":0,"36":0,"37":0,"38":1,"39":0,"40":0,"41":0,"42":0,"43":1,"44":1,"45":1,"46":1,"47":1,"48":1,"49":1,"50":0,"51":0,"52":1,"53":0,"54":0,"55":1,"56":0,"57":0,"58":0,"59":0,"60":0,"61":1,"62":1,"63":1,"64":1,"65":1,"66":1,"67":0,"68":0,"69":1,"70":0,"71":0,"72":1,"73":0,"74":0,"75":0,"76":0,"77":0,"78":0,"79":0,"80":0,"81":1,"82":1,"83":0,"84":0,"85":1,"86":0,"87":0,"88":0,"89":1,"90":0,"91":0,"92":0,"93":0,"94":1,"95":1,"96":1,"97":0,"98":1,"99":0,"100":1,"101":0,"102":0,"103":0,"104":0,"105":1,"106":0,"107":0,"108":0,"109":0,"110":0,"111":0,"112":0,"113":1,"114":1,"115":0,"116":0,"117":1,"118":0,"119":0,"120":0,"121":1,"122":0,"123":0,"124":0,"125":0,"126":1,"127":1,"128":1,"129":0,"130":1,"131":0,"132":1,"133":0,"134":0,"135":0,"136":0,"137":1,"138":0,"139":0,"140":0,"141":0,"142":0,"143":0,"144":0},"f":{"0":2,"1":4,"2":1,"3":1,"4":0,"5":0,"6":0,"7":0,"8":1,"9":0,"10":0,"11":0,"12":0,"13":1,"14":0,"15":0,"16":0,"17":0,"18":1,"19":0,"20":0,"21":0,"22":1,"23":0,"24":0,"25":0,"26":0,"27":0,"28":0,"29":1,"30":0,"31":0,"32":0,"33":1,"34":0,"35":0,"36":0,"37":0,"38":0,"39":0},"b":{"0":[2,0],"1":[2,2],"2":[0,0],"3":[0,0],"4":[1,3],"5":[4,4]},"_coverageSchema":"332fd63041d2c1bcb487cc26dd0d5f7d97098a6c","hash":"a544c230bf955e962a5bae60d4b63d3feda73198","contentHash":"9bbdb07b3dc39463f1ab4770a02340f1_11.6.0"},"/home/NIX/vershinin/Dropbox/GitHub/projects/phones-shop/src/constans/phoneActionTypes.js":{"path":"/home/NIX/vershinin/Dropbox/GitHub/projects/phones-shop/src/constans/phoneActionTypes.js","statementMap":{"0":{"start":{"line":3,"column":0},"end":{"line":5,"column":3}},"1":{"start":{"line":6,"column":25},"end":{"line":6,"column":74}},"2":{"start":{"line":7,"column":27},"end":{"line":7,"column":80}},"3":{"start":{"line":8,"column":27},"end":{"line":8,"column":80}},"4":{"start":{"line":10,"column":30},"end":{"line":10,"column":89}},"5":{"start":{"line":11,"column":32},"end":{"line":11,"column":95}},"6":{"start":{"line":12,"column":32},"end":{"line":12,"column":95}},"7":{"start":{"line":14,"column":29},"end":{"line":14,"column":86}},"8":{"start":{"line":15,"column":31},"end":{"line":15,"column":92}},"9":{"start":{"line":16,"column":31},"end":{"line":16,"column":92}}},"fnMap":{},"branchMap":{},"s":{"0":1,"1":1,"2":1,"3":1,"4":1,"5":1,"6":1,"7":1,"8":1,"9":1},"f":{},"b":{},"_coverageSchema":"332fd63041d2c1bcb487cc26dd0d5f7d97098a6c","hash":"e85e8b87e06cb1c7dca43f224000f0e921960688","contentHash":"d9f11efbaa69edd28549eead95c8d67f_11.6.0"},"/home/NIX/vershinin/Dropbox/GitHub/projects/phones-shop/src/actions/phonesAction.js":{"path":"/home/NIX/vershinin/Dropbox/GitHub/projects/phones-shop/src/actions/phonesAction.js","statementMap":{"0":{"start":{"line":3,"column":0},"end":{"line":5,"column":3}},"1":{"start":{"line":6,"column":0},"end":{"line":6,"column":376}},"2":{"start":{"line":8,"column":19},"end":{"line":8,"column":55}},"3":{"start":{"line":10,"column":20},"end":{"line":10,"column":56}},"4":{"start":{"line":12,"column":0},"end":{"line":12,"column":66}},"5":{"start":{"line":13,"column":0},"end":{"line":13,"column":54}},"6":{"start":{"line":15,"column":24},"end":{"line":15,"column":63}},"7":{"start":{"line":17,"column":22},"end":{"line":17,"column":54}},"8":{"start":{"line":19,"column":17},"end":{"line":19,"column":50}},"9":{"start":{"line":21,"column":39},"end":{"line":21,"column":93}},"10":{"start":{"line":23,"column":33},"end":{"line":23,"column":456}},"11":{"start":{"line":23,"column":64},"end":{"line":23,"column":89}},"12":{"start":{"line":23,"column":91},"end":{"line":23,"column":453}},"13":{"start":{"line":23,"column":165},"end":{"line":23,"column":263}},"14":{"start":{"line":23,"column":182},"end":{"line":23,"column":195}},"15":{"start":{"line":23,"column":209},"end":{"line":23,"column":219}},"16":{"start":{"line":23,"column":239},"end":{"line":23,"column":253}},"17":{"start":{"line":23,"column":254},"end":{"line":23,"column":261}},"18":{"start":{"line":23,"column":264},"end":{"line":23,"column":426}},"19":{"start":{"line":23,"column":281},"end":{"line":23,"column":296}},"20":{"start":{"line":23,"column":306},"end":{"line":23,"column":424}},"21":{"start":{"line":23,"column":360},"end":{"line":23,"column":380}},"22":{"start":{"line":23,"column":401},"end":{"line":23,"column":420}},"23":{"start":{"line":23,"column":429},"end":{"line":23,"column":449}},"24":{"start":{"line":25,"column":29},"end":{"line":29,"column":1}},"25":{"start":{"line":26,"column":2},"end":{"line":28,"column":4}},"26":{"start":{"line":31,"column":36},"end":{"line":36,"column":1}},"27":{"start":{"line":32,"column":2},"end":{"line":35,"column":4}},"28":{"start":{"line":38,"column":34},"end":{"line":43,"column":1}},"29":{"start":{"line":39,"column":2},"end":{"line":42,"column":4}},"30":{"start":{"line":45,"column":31},"end":{"line":51,"column":1}},"31":{"start":{"line":46,"column":2},"end":{"line":50,"column":4}},"32":{"start":{"line":53,"column":24},"end":{"line":93,"column":1}},"33":{"start":{"line":54,"column":2},"end":{"line":92,"column":6}},"34":{"start":{"line":55,"column":15},"end":{"line":87,"column":7}},"35":{"start":{"line":57,"column":6},"end":{"line":86,"column":39}},"36":{"start":{"line":58,"column":8},"end":{"line":85,"column":9}},"37":{"start":{"line":59,"column":10},"end":{"line":84,"column":11}},"38":{"start":{"line":61,"column":14},"end":{"line":61,"column":49}},"39":{"start":{"line":62,"column":14},"end":{"line":62,"column":32}},"40":{"start":{"line":63,"column":14},"end":{"line":63,"column":32}},"41":{"start":{"line":64,"column":14},"end":{"line":64,"column":56}},"42":{"start":{"line":67,"column":14},"end":{"line":67,"column":37}},"43":{"start":{"line":70,"column":14},"end":{"line":70,"column":62}},"44":{"start":{"line":72,"column":14},"end":{"line":72,"column":33}},"45":{"start":{"line":73,"column":14},"end":{"line":73,"column":20}},"46":{"start":{"line":76,"column":14},"end":{"line":76,"column":32}},"47":{"start":{"line":77,"column":14},"end":{"line":77,"column":49}},"48":{"start":{"line":79,"column":14},"end":{"line":79,"column":62}},"49":{"start":{"line":83,"column":14},"end":{"line":83,"column":37}},"50":{"start":{"line":89,"column":4},"end":{"line":91,"column":6}},"51":{"start":{"line":90,"column":6},"end":{"line":90,"column":41}},"52":{"start":{"line":96,"column":32},"end":{"line":100,"column":1}},"53":{"start":{"line":97,"column":2},"end":{"line":99,"column":4}},"54":{"start":{"line":103,"column":2},"end":{"line":106,"column":4}},"55":{"start":{"line":109,"column":34},"end":{"line":115,"column":1}},"56":{"start":{"line":110,"column":2},"end":{"line":114,"column":4}},"57":{"start":{"line":117,"column":27},"end":{"line":160,"column":1}},"58":{"start":{"line":118,"column":2},"end":{"line":159,"column":6}},"59":{"start":{"line":119,"column":16},"end":{"line":154,"column":7}},"60":{"start":{"line":121,"column":6},"end":{"line":153,"column":40}},"61":{"start":{"line":122,"column":8},"end":{"line":152,"column":9}},"62":{"start":{"line":123,"column":10},"end":{"line":151,"column":11}},"63":{"start":{"line":125,"column":14},"end":{"line":125,"column":75}},"64":{"start":{"line":127,"column":14},"end":{"line":127,"column":52}},"65":{"start":{"line":129,"column":14},"end":{"line":129,"column":33}},"66":{"start":{"line":130,"column":14},"end":{"line":130,"column":33}},"67":{"start":{"line":131,"column":14},"end":{"line":131,"column":65}},"68":{"start":{"line":134,"column":14},"end":{"line":134,"column":38}},"69":{"start":{"line":137,"column":14},"end":{"line":137,"column":60}},"70":{"start":{"line":139,"column":14},"end":{"line":139,"column":34}},"71":{"start":{"line":140,"column":14},"end":{"line":140,"column":20}},"72":{"start":{"line":143,"column":14},"end":{"line":143,"column":33}},"73":{"start":{"line":144,"column":14},"end":{"line":144,"column":51}},"74":{"start":{"line":146,"column":14},"end":{"line":146,"column":66}},"75":{"start":{"line":150,"column":14},"end":{"line":150,"column":38}},"76":{"start":{"line":156,"column":4},"end":{"line":158,"column":6}},"77":{"start":{"line":157,"column":6},"end":{"line":157,"column":42}},"78":{"start":{"line":163,"column":26},"end":{"line":167,"column":1}},"79":{"start":{"line":164,"column":2},"end":{"line":166,"column":4}},"80":{"start":{"line":170,"column":2},"end":{"line":174,"column":4}},"81":{"start":{"line":177,"column":28},"end":{"line":183,"column":1}},"82":{"start":{"line":178,"column":2},"end":{"line":182,"column":4}},"83":{"start":{"line":185,"column":21},"end":{"line":225,"column":1}},"84":{"start":{"line":186,"column":2},"end":{"line":224,"column":6}},"85":{"start":{"line":187,"column":16},"end":{"line":219,"column":7}},"86":{"start":{"line":189,"column":6},"end":{"line":218,"column":40}},"87":{"start":{"line":190,"column":8},"end":{"line":217,"column":9}},"88":{"start":{"line":191,"column":10},"end":{"line":216,"column":11}},"89":{"start":{"line":193,"column":14},"end":{"line":193,"column":46}},"90":{"start":{"line":195,"column":14},"end":{"line":195,"column":33}},"91":{"start":{"line":196,"column":14},"end":{"line":196,"column":33}},"92":{"start":{"line":197,"column":14},"end":{"line":197,"column":61}},"93":{"start":{"line":200,"column":14},"end":{"line":200,"column":37}},"94":{"start":{"line":202,"column":14},"end":{"line":202,"column":53}},"95":{"start":{"line":204,"column":14},"end":{"line":204,"column":34}},"96":{"start":{"line":205,"column":14},"end":{"line":205,"column":20}},"97":{"start":{"line":208,"column":14},"end":{"line":208,"column":33}},"98":{"start":{"line":209,"column":14},"end":{"line":209,"column":51}},"99":{"start":{"line":211,"column":14},"end":{"line":211,"column":60}},"100":{"start":{"line":215,"column":14},"end":{"line":215,"column":38}},"101":{"start":{"line":221,"column":4},"end":{"line":223,"column":6}},"102":{"start":{"line":222,"column":6},"end":{"line":222,"column":42}}},"fnMap":{"0":{"name":"_interopRequireDefault","decl":{"start":{"line":21,"column":9},"end":{"line":21,"column":31}},"loc":{"start":{"line":21,"column":37},"end":{"line":21,"column":95}},"line":21},"1":{"name":"_asyncToGenerator","decl":{"start":{"line":23,"column":9},"end":{"line":23,"column":26}},"loc":{"start":{"line":23,"column":31},"end":{"line":23,"column":458}},"line":23},"2":{"name":"(anonymous_2)","decl":{"start":{"line":23,"column":40},"end":{"line":23,"column":41}},"loc":{"start":{"line":23,"column":52},"end":{"line":23,"column":455}},"line":23},"3":{"name":"(anonymous_3)","decl":{"start":{"line":23,"column":110},"end":{"line":23,"column":111}},"loc":{"start":{"line":23,"column":137},"end":{"line":23,"column":451}},"line":23},"4":{"name":"step","decl":{"start":{"line":23,"column":148},"end":{"line":23,"column":152}},"loc":{"start":{"line":23,"column":163},"end":{"line":23,"column":428}},"line":23},"5":{"name":"(anonymous_5)","decl":{"start":{"line":23,"column":341},"end":{"line":23,"column":342}},"loc":{"start":{"line":23,"column":358},"end":{"line":23,"column":382}},"line":23},"6":{"name":"(anonymous_6)","decl":{"start":{"line":23,"column":384},"end":{"line":23,"column":385}},"loc":{"start":{"line":23,"column":399},"end":{"line":23,"column":422}},"line":23},"7":{"name":"fetchPhonesStartAction","decl":{"start":{"line":25,"column":71},"end":{"line":25,"column":93}},"loc":{"start":{"line":25,"column":96},"end":{"line":29,"column":1}},"line":25},"8":{"name":"fetchPhonesSuccesPhonesAction","decl":{"start":{"line":31,"column":85},"end":{"line":31,"column":114}},"loc":{"start":{"line":31,"column":123},"end":{"line":36,"column":1}},"line":31},"9":{"name":"fetchPhonesSuccesDataAction","decl":{"start":{"line":38,"column":81},"end":{"line":38,"column":108}},"loc":{"start":{"line":38,"column":115},"end":{"line":43,"column":1}},"line":38},"10":{"name":"fetchPhonesFailureAction","decl":{"start":{"line":45,"column":75},"end":{"line":45,"column":99}},"loc":{"start":{"line":45,"column":105},"end":{"line":51,"column":1}},"line":45},"11":{"name":"fetchPhonesAction","decl":{"start":{"line":53,"column":61},"end":{"line":53,"column":78}},"loc":{"start":{"line":53,"column":81},"end":{"line":93,"column":1}},"line":53},"12":{"name":"(anonymous_12)","decl":{"start":{"line":54,"column":9},"end":{"line":54,"column":10}},"loc":{"start":{"line":54,"column":21},"end":{"line":92,"column":3}},"line":54},"13":{"name":"_callee","decl":{"start":{"line":55,"column":83},"end":{"line":55,"column":90}},"loc":{"start":{"line":55,"column":101},"end":{"line":87,"column":5}},"line":55},"14":{"name":"_callee$","decl":{"start":{"line":57,"column":49},"end":{"line":57,"column":57}},"loc":{"start":{"line":57,"column":68},"end":{"line":86,"column":7}},"line":57},"15":{"name":"(anonymous_15)","decl":{"start":{"line":89,"column":11},"end":{"line":89,"column":12}},"loc":{"start":{"line":89,"column":25},"end":{"line":91,"column":5}},"line":89},"16":{"name":"loadMorePhonesStartAction","decl":{"start":{"line":96,"column":77},"end":{"line":96,"column":102}},"loc":{"start":{"line":96,"column":105},"end":{"line":100,"column":1}},"line":96},"17":{"name":"loadMorePhonesSuccessAction","decl":{"start":{"line":102,"column":9},"end":{"line":102,"column":36}},"loc":{"start":{"line":102,"column":45},"end":{"line":107,"column":1}},"line":102},"18":{"name":"loadMorePhonesFailureAction","decl":{"start":{"line":109,"column":81},"end":{"line":109,"column":108}},"loc":{"start":{"line":109,"column":114},"end":{"line":115,"column":1}},"line":109},"19":{"name":"loadMorePhonesAction","decl":{"start":{"line":117,"column":67},"end":{"line":117,"column":87}},"loc":{"start":{"line":117,"column":90},"end":{"line":160,"column":1}},"line":117},"20":{"name":"(anonymous_20)","decl":{"start":{"line":118,"column":9},"end":{"line":118,"column":10}},"loc":{"start":{"line":118,"column":21},"end":{"line":159,"column":3}},"line":118},"21":{"name":"_callee2","decl":{"start":{"line":119,"column":84},"end":{"line":119,"column":92}},"loc":{"start":{"line":119,"column":113},"end":{"line":154,"column":5}},"line":119},"22":{"name":"_callee2$","decl":{"start":{"line":121,"column":49},"end":{"line":121,"column":58}},"loc":{"start":{"line":121,"column":70},"end":{"line":153,"column":7}},"line":121},"23":{"name":"(anonymous_23)","decl":{"start":{"line":156,"column":11},"end":{"line":156,"column":12}},"loc":{"start":{"line":156,"column":31},"end":{"line":158,"column":5}},"line":156},"24":{"name":"fetchPhoneByIdStart","decl":{"start":{"line":163,"column":65},"end":{"line":163,"column":84}},"loc":{"start":{"line":163,"column":87},"end":{"line":167,"column":1}},"line":163},"25":{"name":"fetchPhoneByIdSuccess","decl":{"start":{"line":169,"column":9},"end":{"line":169,"column":30}},"loc":{"start":{"line":169,"column":38},"end":{"line":175,"column":1}},"line":169},"26":{"name":"fetchPhoneByIdFailure","decl":{"start":{"line":177,"column":69},"end":{"line":177,"column":90}},"loc":{"start":{"line":177,"column":96},"end":{"line":183,"column":1}},"line":177},"27":{"name":"fetchPhoneById","decl":{"start":{"line":185,"column":55},"end":{"line":185,"column":69}},"loc":{"start":{"line":185,"column":74},"end":{"line":225,"column":1}},"line":185},"28":{"name":"(anonymous_28)","decl":{"start":{"line":186,"column":9},"end":{"line":186,"column":10}},"loc":{"start":{"line":186,"column":21},"end":{"line":224,"column":3}},"line":186},"29":{"name":"_callee3","decl":{"start":{"line":187,"column":84},"end":{"line":187,"column":92}},"loc":{"start":{"line":187,"column":103},"end":{"line":219,"column":5}},"line":187},"30":{"name":"_callee3$","decl":{"start":{"line":189,"column":49},"end":{"line":189,"column":58}},"loc":{"start":{"line":189,"column":70},"end":{"line":218,"column":7}},"line":189},"31":{"name":"(anonymous_31)","decl":{"start":{"line":221,"column":11},"end":{"line":221,"column":12}},"loc":{"start":{"line":221,"column":26},"end":{"line":223,"column":5}},"line":221}},"branchMap":{"0":{"loc":{"start":{"line":21,"column":46},"end":{"line":21,"column":92}},"type":"cond-expr","locations":[{"start":{"line":21,"column":70},"end":{"line":21,"column":73}},{"start":{"line":21,"column":76},"end":{"line":21,"column":92}}],"line":21},"1":{"loc":{"start":{"line":21,"column":46},"end":{"line":21,"column":67}},"type":"binary-expr","locations":[{"start":{"line":21,"column":46},"end":{"line":21,"column":49}},{"start":{"line":21,"column":53},"end":{"line":21,"column":67}}],"line":21},"2":{"loc":{"start":{"line":23,"column":264},"end":{"line":23,"column":426}},"type":"if","locations":[{"start":{"line":23,"column":264},"end":{"line":23,"column":426}},{"start":{"line":23,"column":264},"end":{"line":23,"column":426}}],"line":23},"3":{"loc":{"start":{"line":59,"column":10},"end":{"line":84,"column":11}},"type":"switch","locations":[{"start":{"line":60,"column":12},"end":{"line":64,"column":56}},{"start":{"line":66,"column":12},"end":{"line":73,"column":20}},{"start":{"line":75,"column":12},"end":{"line":79,"column":62}},{"start":{"line":81,"column":12},"end":{"line":81,"column":20}},{"start":{"line":82,"column":12},"end":{"line":83,"column":37}}],"line":59},"4":{"loc":{"start":{"line":123,"column":10},"end":{"line":151,"column":11}},"type":"switch","locations":[{"start":{"line":124,"column":12},"end":{"line":131,"column":65}},{"start":{"line":133,"column":12},"end":{"line":140,"column":20}},{"start":{"line":142,"column":12},"end":{"line":146,"column":66}},{"start":{"line":148,"column":12},"end":{"line":148,"column":20}},{"start":{"line":149,"column":12},"end":{"line":150,"column":38}}],"line":123},"5":{"loc":{"start":{"line":191,"column":10},"end":{"line":216,"column":11}},"type":"switch","locations":[{"start":{"line":192,"column":12},"end":{"line":197,"column":61}},{"start":{"line":199,"column":12},"end":{"line":205,"column":20}},{"start":{"line":207,"column":12},"end":{"line":211,"column":60}},{"start":{"line":213,"column":12},"end":{"line":213,"column":20}},{"start":{"line":214,"column":12},"end":{"line":215,"column":38}}],"line":191}},"s":{"0":1,"1":1,"2":1,"3":1,"4":1,"5":1,"6":1,"7":1,"8":1,"9":1,"10":0,"11":0,"12":0,"13":0,"14":0,"15":0,"16":0,"17":0,"18":0,"19":0,"20":0,"21":0,"22":0,"23":0,"24":1,"25":0,"26":1,"27":0,"28":1,"29":0,"30":1,"31":0,"32":1,"33":0,"34":0,"35":0,"36":0,"37":0,"38":0,"39":0,"40":0,"41":0,"42":0,"43":0,"44":0,"45":0,"46":0,"47":0,"48":0,"49":0,"50":0,"51":0,"52":1,"53":0,"54":0,"55":1,"56":0,"57":1,"58":0,"59":0,"60":0,"61":0,"62":0,"63":0,"64":0,"65":0,"66":0,"67":0,"68":0,"69":0,"70":0,"71":0,"72":0,"73":0,"74":0,"75":0,"76":0,"77":0,"78":1,"79":0,"80":0,"81":1,"82":0,"83":1,"84":0,"85":0,"86":0,"87":0,"88":0,"89":0,"90":0,"91":0,"92":0,"93":0,"94":0,"95":0,"96":0,"97":0,"98":0,"99":0,"100":0,"101":0,"102":0},"f":{"0":1,"1":0,"2":0,"3":0,"4":0,"5":0,"6":0,"7":0,"8":0,"9":0,"10":0,"11":0,"12":0,"13":0,"14":0,"15":0,"16":0,"17":0,"18":0,"19":0,"20":0,"21":0,"22":0,"23":0,"24":0,"25":0,"26":0,"27":0,"28":0,"29":0,"30":0,"31":0},"b":{"0":[0,1],"1":[1,1],"2":[0,0],"3":[0,0,0,0,0],"4":[0,0,0,0,0],"5":[0,0,0,0,0]},"_coverageSchema":"332fd63041d2c1bcb487cc26dd0d5f7d97098a6c","hash":"b02362c921947090edae27817ba6d81351d0a83c","contentHash":"59f4e00af2ef660c9fcce8894308fb0c_11.6.0"},"/home/NIX/vershinin/Dropbox/GitHub/projects/phones-shop/src/api/fetchPhonesApi.js":{"path":"/home/NIX/vershinin/Dropbox/GitHub/projects/phones-shop/src/api/fetchPhonesApi.js","statementMap":{"0":{"start":{"line":3,"column":0},"end":{"line":5,"column":3}},"1":{"start":{"line":6,"column":0},"end":{"line":6,"column":82}},"2":{"start":{"line":8,"column":19},"end":{"line":8,"column":55}},"3":{"start":{"line":10,"column":20},"end":{"line":10,"column":56}},"4":{"start":{"line":12,"column":13},"end":{"line":12,"column":29}},"5":{"start":{"line":14,"column":14},"end":{"line":14,"column":44}},"6":{"start":{"line":16,"column":18},"end":{"line":16,"column":41}},"7":{"start":{"line":18,"column":19},"end":{"line":18,"column":54}},"8":{"start":{"line":20,"column":13},"end":{"line":20,"column":31}},"9":{"start":{"line":22,"column":39},"end":{"line":22,"column":93}},"10":{"start":{"line":24,"column":33},"end":{"line":24,"column":456}},"11":{"start":{"line":24,"column":64},"end":{"line":24,"column":89}},"12":{"start":{"line":24,"column":91},"end":{"line":24,"column":453}},"13":{"start":{"line":24,"column":165},"end":{"line":24,"column":263}},"14":{"start":{"line":24,"column":182},"end":{"line":24,"column":195}},"15":{"start":{"line":24,"column":209},"end":{"line":24,"column":219}},"16":{"start":{"line":24,"column":239},"end":{"line":24,"column":253}},"17":{"start":{"line":24,"column":254},"end":{"line":24,"column":261}},"18":{"start":{"line":24,"column":264},"end":{"line":24,"column":426}},"19":{"start":{"line":24,"column":281},"end":{"line":24,"column":296}},"20":{"start":{"line":24,"column":306},"end":{"line":24,"column":424}},"21":{"start":{"line":24,"column":360},"end":{"line":24,"column":380}},"22":{"start":{"line":24,"column":401},"end":{"line":24,"column":420}},"23":{"start":{"line":24,"column":429},"end":{"line":24,"column":449}},"24":{"start":{"line":26,"column":18},"end":{"line":54,"column":3}},"25":{"start":{"line":27,"column":13},"end":{"line":49,"column":5}},"26":{"start":{"line":28,"column":4},"end":{"line":48,"column":27}},"27":{"st
[...]
{"line":39,"column":4},"end":{"line":50,"column":5}},"42":{"start":{"line":41,"column":6},"end":{"line":41,"column":49}},"43":{"start":{"line":42,"column":6},"end":{"line":42,"column":65}},"44":{"start":{"line":43,"column":6},"end":{"line":43,"column":69}},"45":{"start":{"line":45,"column":6},"end":{"line":45,"column":101}},"46":{"start":{"line":49,"column":6},"end":{"line":49,"column":29}}},"fnMap":{"0":{"name":"_interopRequireWildcard","decl":{"start":{"line":21,"column":9},"end":{"line":21,"column":32}},"loc":{"start":{"line":21,"column":38},"end":{"line":21,"column":269}},"line":21},"1":{"name":"_interopRequireDefault","decl":{"start":{"line":23,"column":9},"end":{"line":23,"column":31}},"loc":{"start":{"line":23,"column":37},"end":{"line":23,"column":95}},"line":23},"2":{"name":"_asyncToGenerator","decl":{"start":{"line":25,"column":9},"end":{"line":25,"column":26}},"loc":{"start":{"line":25,"column":31},"end":{"line":25,"column":458}},"line":25},"3":{"name":"(anonymous_3)","decl":{"start":{"line":25,"column":40},"end":{"line":25,"column":41}},"loc":{"start":{"line":25,"column":52},"end":{"line":25,"column":455}},"line":25},"4":{"name":"(anonymous_4)","decl":{"start":{"line":25,"column":110},"end":{"line":25,"column":111}},"loc":{"start":{"line":25,"column":137},"end":{"line":25,"column":451}},"line":25},"5":{"name":"step","decl":{"start":{"line":25,"column":148},"end":{"line":25,"column":152}},"loc":{"start":{"line":25,"column":163},"end":{"line":25,"column":428}},"line":25},"6":{"name":"(anonymous_6)","decl":{"start":{"line":25,"column":341},"end":{"line":25,"column":342}},"loc":{"start":{"line":25,"column":358},"end":{"line":25,"column":382}},"line":25},"7":{"name":"(anonymous_7)","decl":{"start":{"line":25,"column":384},"end":{"line":25,"column":385}},"loc":{"start":{"line":25,"column":399},"end":{"line":25,"column":422}},"line":25},"8":{"name":"(anonymous_8)","decl":{"start":{"line":27,"column":30},"end":{"line":27,"column":31}},"loc":{"start":{"line":27,"column":42},"end":{"line":54,"column":1}},"line":27},"9":{"name":"(anonymous_9)","decl":{"start":{"line":30,"column":39},"end":{"line":30,"column":40}},"loc":{"start":{"line":30,"column":51},"end":{"line":33,"column":2}},"line":30},"10":{"name":"_callee","decl":{"start":{"line":35,"column":114},"end":{"line":35,"column":121}},"loc":{"start":{"line":35,"column":124},"end":{"line":53,"column":2}},"line":35},"11":{"name":"_callee$","decl":{"start":{"line":37,"column":45},"end":{"line":37,"column":53}},"loc":{"start":{"line":37,"column":64},"end":{"line":52,"column":3}},"line":37}},"branchMap":{"0":{"loc":{"start":{"line":21,"column":40},"end":{"line":21,"column":267}},"type":"if","locations":[{"start":{"line":21,"column":40},"end":{"line":21,"column":267}},{"start":{"line":21,"column":40},"end":{"line":21,"column":267}}],"line":21},"1":{"loc":{"start":{"line":21,"column":44},"end":{"line":21,"column":65}},"type":"binary-expr","locations":[{"start":{"line":21,"column":44},"end":{"line":21,"column":47}},{"start":{"line":21,"column":51},"end":{"line":21,"column":65}}],"line":21},"2":{"loc":{"start":{"line":21,"column":107},"end":{"line":21,"column":228}},"type":"if","locations":[{"start":{"line":21,"column":107},"end":{"line":21,"column":228}},{"start":{"line":21,"column":107},"end":{"line":21,"column":228}}],"line":21},"3":{"loc":{"start":{"line":21,"column":149},"end":{"line":21,"column":224}},"type":"if","locations":[{"start":{"line":21,"column":149},"end":{"line":21,"column":224}},{"start":{"line":21,"column":149},"end":{"line":21,"column":224}}],"line":21},"4":{"loc":{"start":{"line":23,"column":46},"end":{"line":23,"column":92}},"type":"cond-expr","locations":[{"start":{"line":23,"column":70},"end":{"line":23,"column":73}},{"start":{"line":23,"column":76},"end":{"line":23,"column":92}}],"line":23},"5":{"loc":{"start":{"line":23,"column":46},"end":{"line":23,"column":67}},"type":"binary-expr","locations":[{"start":{"line":23,"column":46},"end":{"line":23,"column":49}},{"start":{"line":23,"column":53},"end":{"line":23,"column":67}}],"line":23},"6":{"loc":{"start":{"line":25,"column":264},"end":{"line":25,"column":426}},"type":"if","locations":[{"start":{"line":25,"column":264},"end":{"line":25,"column":426}},{"start":{"line":25,"column":264},"end":{"line":25,"column":426}}],"line":25},"7":{"loc":{"start":{"line":39,"column":4},"end":{"line":50,"column":5}},"type":"switch","locations":[{"start":{"line":40,"column":5},"end":{"line":45,"column":101}},{"start":{"line":47,"column":5},"end":{"line":47,"column":12}},{"start":{"line":48,"column":5},"end":{"line":49,"column":29}}],"line":39}},"s":{"0":1,"1":1,"2":1,"3":1,"4":1,"5":1,"6":1,"7":1,"8":1,"9":1,"10":1,"11":0,"12":0,"13":0,"14":0,"15":0,"16":0,"17":0,"18":2,"19":1,"20":0,"21":0,"22":0,"23":0,"24":0,"25":0,"26":0,"27":0,"28":0,"29":0,"30":0,"31":0,"32":0,"33":1,"34":1,"35":1,"36":0,"37":0,"38":1,"39":0,"40":0,"41":0,"42":0,"43":0,"44":0,"45":0,"46":0},"f":{"0":1,"1":2,"2":1,"3":0,"4":0,"5":0,"6":0,"7":0,"8":1,"9":0,"10":0,"11":0},"b":{"0":[1,0],"1":[1,1],"2":[0,0],"3":[0,0],"4":[1,1],"5":[2,2],"6":[0,0],"7":[0,0,0]},"_coverageSchema":"332fd63041d2c1bcb487cc26dd0d5f7d97098a6c","hash":"0dba842a47db45fe4002a16f47e9f510fdd56f2f","contentHash":"ffd93b030ad23ef5963fdadc0958d54e_11.6.0"},"/home/NIX/vershinin/Dropbox/GitHub/projects/phones-shop/src/reducers/tests/phonePageReducer.spec.js":{"path":"/home/NIX/vershinin/Dropbox/GitHub/projects/phones-shop/src/reducers/tests/phonePageReducer.spec.js","statementMap":{"0":{"start":{"line":3,"column":12},"end":{"line":3,"column":27}},"1":{"start":{"line":5,"column":20},"end":{"line":5,"column":57}},"2":{"start":{"line":7,"column":11},"end":{"line":7,"column":49}},"3":{"start":{"line":9,"column":24},"end":{"line":9,"column":54}},"4":{"start":{"line":11,"column":21},"end":{"line":11,"column":57}},"5":{"start":{"line":13,"column":40},"end":{"line":13,"column":267}},"6":{"start":{"line":13,"column":69},"end":{"line":13,"column":80}},"7":{"start":{"line":13,"column":103},"end":{"line":13,"column":105}},"8":{"start":{"line":13,"column":107},"end":{"line":13,"column":228}},"9":{"start":{"line":13,"column":126},"end":{"line":13,"column":226}},"10":{"start":{"line":13,"column":149},"end":{"line":13,"column":224}},"11":{"start":{"line":13,"column":201},"end":{"line":13,"column":224}},"12":{"start":{"line":13,"column":229},"end":{"line":13,"column":250}},"13":{"start":{"line":13,"column":251},"end":{"line":13,"column":265}},"14":{"start":{"line":15,"column":0},"end":{"line":35,"column":3}},"15":{"start":{"line":16,"column":20},"end":{"line":19,"column":2}},"16":{"start":{"line":21,"column":1},"end":{"line":24,"column":4}},"17":{"start":{"line":22,"column":14},"end":{"line":22,"column":68}},"18":{"start":{"line":23,"column":2},"end":{"line":23,"column":46}},"19":{"start":{"line":26,"column":1},"end":{"line":29,"column":4}},"20":{"start":{"line":27,"column":14},"end":{"line":27,"column":95}},"21":{"start":{"line":28,"column":2},"end":{"line":28,"column":84}},"22":{"start":{"line":31,"column":1},"end":{"line":34,"column":4}},"23":{"start":{"line":32,"column":14},"end":{"line":32,"column":122}},"24":{"start":{"line":33,"column":2},"end":{"line":33,"column":118}}},"fnMap":{"0":{"name":"_interopRequireWildcard","decl":{"start":{"line":13,"column":9},"end":{"line":13,"column":32}},"loc":{"start":{"line":13,"column":38},"end":{"line":13,"column":269}},"line":13},"1":{"name":"(anonymous_1)","decl":{"start":{"line":15,"column":29},"end":{"line":15,"column":30}},"loc":{"start":{"line":15,"column":41},"end":{"line":35,"column":1}},"line":15},"2":{"name":"(anonymous_2)","decl":{"start":{"line":21,"column":39},"end":{"line":21,"column":40}},"loc":{"start":{"line":21,"column":51},"end":{"line":24,"column":2}},"line":21},"3":{"name":"(anonymous_3)","decl":{"start":{"line":26,"column":45},"end":{"line":26,"column":46}},"loc":{"start":{"line":26,"column":57},"end":{"line":29,"column":2}},"line":26},"4":{"name":"(anonymous_4)","decl":{"start":{"line":31,"column":47},"end":{"line":31,"column":48}},"loc":{"start":{"line":31,"column":59},"end":{"line":34,"column":2}},"line":31}},"branchMap":{"0":{"loc":{"start":{"line":13,"column":40},"end":{"line":13,"column":267}},"type":"if","locations":[{"start":{"line":13,"column":40},"end":{"line":13,"column":267}},{"start":{"line":13,"column":40},"end":{"line":13,"column":267}}],"line":13},"1":{"loc":{"start":{"line":13,"column":44},"end":{"line":13,"column":65}},"type":"binary-expr","locations":[{"start":{"line":13,"column":44},"end":{"line":13,"column":47}},{"start":{"line":13,"column":51},"end":{"line":13,"column":65}}],"line":13},"2":{"loc":{"start":{"line":13,"column":107},"end":{"line":13,"column":228}},"type":"if","locations":[{"start":{"line":13,"column":107},"end":{"line":13,"column":228}},{"start":{"line":13,"column":107},"end":{"line":13,"column":228}}],"line":13},"3":{"loc":{"start":{"line":13,"column":149},"end":{"line":13,"column":224}},"type":"if","locations":[{"start":{"line":13,"column":149},"end":{"line":13,"column":224}},{"start":{"line":13,"column":149},"end":{"line":13,"column":224}}],"line":13}},"s":{"0":1,"1":1,"2":1,"3":1,"4":1,"5":1,"6":1,"7":0,"8":0,"9":0,"10":0,"11":0,"12":0,"13":0,"14":1,"15":1,"16":1,"17":0,"18":0,"19":1,"20":0,"21":0,"22":1,"23":0,"24":0},"f":{"0":1,"1":1,"2":0,"3":0,"4":0},"b":{"0":[1,0],"1":[1,1],"2":[0,0],"3":[0,0]},"_coverageSchema":"332fd63041d2c1bcb487cc26dd0d5f7d97098a6c","hash":"1630db9c74f241477fa90089521950c02a944119","contentHash":"2b50bf8770689650b152d57a05388e24_11.6.0"},"/home/NIX/vershinin/Dropbox/GitHub/projects/phones-shop/src/reducers/tests/phonesPageReducer.spec.js":{"path":"/home/NIX/vershinin/Dropbox/GitHub/projects/phones-shop/src/reducers/tests/phonesPageReducer.spec.js","statementMap":{"0":{"start":{"line":3,"column":12},"end":{"line":3,"column":27}},"1":{"start":{"line":5,"column":13},"end":{"line":5,"column":29}},"2":{"start":{"line":7,"column":20},"end":{"line":7,"column":57}},"3":{"start":{"line":9,"column":11},"end":{"line":9,"column":49}},"4":{"start":{"line":11,"column":25},"end":{"line":11,"column":56}},"5":{"start":{"line":13,"column":21},"end":{"line":13,"column":57}},"6":{"start":{"line":15,"column":40},"end":{"line":15,"column":267}},"7":{"start":{"line":15,"column":69},"end":{"line":15,"column":80}},"8":{"start":{"line":15,"column":103},"end":{"line":15,"column":105}},"9":{"start":{"line":15,"column":107},"end":{"line":15,"column":228}},"10":{"start":{"line":15,"column":126},"end":{"line":15,"column":226}},"11":{"start":{"line":15,"column":149},"end":{"line":15,"column":224}},"12":{"start":{"line":15,"column":201},"end":{"line":15,"column":224}},"13":{"start":{"line":15,"column":229},"end":{"line":15,"column":250}},"14":{"start":{"line":15,"column":251},"end":{"line":15,"column":265}},"15":{"start":{"line":17,"column":44},"end":{"line":17,"column":195}},"16":{"start":{"line":17,"column":62},"end":{"line":17,"column":166}},"17":{"start":{"line":17,"column":176},"end":{"line":17,"column":193}},"18":{"start":{"line":17,"column":196},"end":{"line":17,"column":207}},"19":{"start":{"line":19,"column":35},"end":{"line":19,"column":193}},"20":{"start":{"line":19,"column":61},"end":{"line":19,"column":145}},"21":{"start":{"line":19,"column":126},"end":{"line":19,"column":143}},"22":{"start":{"line":19,"column":146},"end":{"line":19,"column":158}},"23":{"start":{"line":19,"column":168},"end":{"line":19,"column":191}},"24":{"start":{"line":21,"column":0},"end":{"line":43,"column":3}},"25":{"start":{"line":22,"column":20},"end":{"line":25,"column":2}},"26":{"start":{"line":27,"column":1},"end":{"line":30,"column":4}},"27":{"start":{"line":28,"column":14},"end":{"line":28,"column":70}},"28":{"start":{"line":29,"column":2},"end":{"line":29,"column":46}},"29":{"start":{"line":32,"column":1},"end":{"line":36,"column":4}},"30":{"start":{"line":33,"column":15},"end":{"line":33,"column":76}},"31":{"start":{"line":34,"column":14},"end":{"line":34,"column":77}},"32":{"start":{"line":35,"column":2},"end":{"line":35,"column":79}},"33":{"start":{"line":38,"column":1},"end":{"line":42,"column":4}},"34":{"start":{"line":39,"column":15},"end":{"line":39,"column":74}},"35":{"start":{"line":40,"column":14},"end":{"line":40,"column":77}},"36":{"start":{"line":41,"column":2},"end":{"line":41,"column":196}}},"fnMap":{"0":{"name":"_interopRequireWildcard","decl":{"start":{"line":15,"column":9},"end":{"line":15,"column":32}},"loc":{"start":{"line":15,"column":38},"end":{"line":15,"column":269}},"line":15},"1":{"name":"_defineProperty","decl":{"start":{"line":17,"column":9},"end":{"line":17,"column":24}},"loc":{"start":{"line":17,"column":42},"end":{"line":17,"column":209}},"line":17},"2":{"name":"_toConsumableArray","decl":{"start":{"line":19,"column":9},"end":{"line":19,"column":27}},"loc":{"start":{"line":19,"column":33},"end":{"line":19,"column":195}},"line":19},"3":{"name":"(anonymous_3)","decl":{"start":{"line":21,"column":30},"end":{"line":21,"column":31}},"loc":{"start":{"line":21,"column":42},"end":{"line":43,"column":1}},"line":21},"4":{"name":"(anonymous_4)","decl":{"start":{"line":27,"column":39},"end":{"line":27,"column":40}},"loc":{"start":{"line":27,"column":51},"end":{"line":30,"column":2}},"line":27},"5":{"name":"(anonymous_5)","decl":{"start":{"line":32,"column":42},"end":{"line":32,"column":43}},"loc":{"start":{"line":32,"column":54},"end":{"line":36,"column":2}},"line":32},"6":{"name":"(anonymous_6)","decl":{"start":{"line":38,"column":51},"end":{"line":38,"column":52}},"loc":{"start":{"line":38,"column":63},"end":{"line":42,"column":2}},"line":38}},"branchMap":{"0":{"loc":{"start":{"line":15,"column":40},"end":{"line":15,"column":267}},"type":"if","locations":[{"start":{"line":15,"column":40},"end":{"line":15,"column":267}},{"start":{"line":15,"column":40},"end":{"line":15,"column":267}}],"line":15},"1":{"loc":{"start":{"line":15,"column":44},"end":{"line":15,"column":65}},"type":"binary-expr","locations":[{"start":{"line":15,"column":44},"end":{"line":15,"column":47}},{"start":{"line":15,"column":51},"end":{"line":15,"column":65}}],"line":15},"2":{"loc":{"start":{"line":15,"column":107},"end":{"line":15,"column":228}},"type":"if","locations":[{"start":{"line":15,"column":107},"end":{"line":15,"column":228}},{"start":{"line":15,"column":107},"end":{"line":15,"column":228}}],"line":15},"3":{"loc":{"start":{"line":15,"column":149},"end":{"line":15,"column":224}},"type":"if","locations":[{"start":{"line":15,"column":149},"end":{"line":15,"column":224}},{"start":{"line":15,"column":149},"end":{"line":15,"column":224}}],"line":15},"4":{"loc":{"start":{"line":17,"column":44},"end":{"line":17,"column":195}},"type":"if","locations":[{"start":{"line":17,"column":44},"end":{"line":17,"column":195}},{"start":{"line":17,"column":44},"end":{"line":17,"column":195}}],"line":17},"5":{"loc":{"start":{"line":19,"column":35},"end":{"line":19,"column":193}},"type":"if","locations":[{"start":{"line":19,"column":35},"end":{"line":19,"column":193}},{"start":{"line":19,"column":35},"end":{"line":19,"column":193}}],"line":19}},"s":{"0":1,"1":1,"2":1,"3":1,"4":1,"5":1,"6":1,"7":1,"8":0,"9":0,"10":0,"11":0,"12":0,"13":0,"14":0,"15":0,"16":0,"17":0,"18":0,"19":0,"20":0,"21":0,"22":0,"23":0,"24":1,"25":1,"26":1,"27":0,"28":0,"29":1,"30":0,"31":0,"32":0,"33":1,"34":0,"35":0,"36":0},"f":{"0":1,"1":0,"2":0,"3":1,"4":0,"5":0,"6":0},"b":{"0":[1,0],"1":[1,1],"2":[0,0],"3":[0,0],"4":[0,0],"5":[0,0]},"_coverageSchema":"332fd63041d2c1bcb487cc26dd0d5f7d97098a6c","hash":"e38e1ac679ff24ea28fbff1f02afe3eb0a4d15ff","contentHash":"d807dedecee48d20122cf8f2bc4b4924_11.6.0"},"/home/NIX/vershinin/Dropbox/GitHub/projects/phones-shop/src/reducers/tests/phonesReducer.spec.js":{"path":"/home/NIX/vershinin/Dropbox/GitHub/projects/phones-shop/src/reducers/tests/phonesReducer.spec.js","statementMap":{"0":{"start":{"line":3,"column":12},"end":{"line":3,"column":27}},"1":{"start":{"line":5,"column":13},"end":{"line":5,"column":29}},"2":{"start":{"line":7,"column":20},"end":{"line":7,"column":57}},"3":{"start":{"line":9,"column":11},"end":{"line":9,"column":49}},"4":{"start":{"line":11,"column":21},"end":{"line":11,"column":48}},"5":{"start":{"line":13,"column":21},"end":{"line":13,"column":57}},"6":{"start":{"line":15,"column":40},"end":{"line":15,"column":267}},"7":{"start":{"line":15,"column":69},"end":{"line":15,"column":80}},"8":{"start":{"line":15,"column":103},"end":{"line":15,"column":105}},"9":{"start":{"line":15,"column":107},"end":{"line":15,"column":228}},"10":{"start":{"line":15,"column":126},"end":{"line":15,"column":226}},"11":{"start":{"line":15,"column":149},"end":{"line":15,"column":224}},"12":{"start":{"line":15,"column":201},"end":{"line":15,"column":224}},"13":{"start":{"line":15,"column":229},"end":{"line":15,"column":250}},"14":{"start":{"line":15,"column":251},"end":{"line":15,"column":265}},"15":{"start":{"line":17,"column":0},"end":{"line":36,"column":3}},"16":{"start":{"line":18,"column":20},"end":{"line":20,"column":2}},"17":{"start":{"line":22,"column":1},"end":{"line":25,"column":4}},"18":{"start":{"line":23,"column":14},"end":{"line":23,"column":62}},"19":{"start":{"line":24,"column":2},"end":{"line":24,"column":46}},"20":{"start":{"line":27,"column":1},"end":{"line":30,"column":4}},"21":{"start":{"line":28,"column":14},"end":{"line":28,"column":124}},"22":{"start":{"line":29,"column":2},"end":{"line":29,"column":93}},"23":{"start":{"line":32,"column":1},"end":{"line":35,"column":4}},"24":{"start":{"line":33,"column":14},"end":{"line":33,"column":122}},"25":{"start":{"line":34,"column":2},"end":{"line":34,"column":93}}},"fnMap":{"0":{"name":"_interopRequireWildcard","decl":{"start":{"line":15,"column":9},"end":{"line":15,"column":32}},"loc":{"start":{"line":15,"column":38},"end":{"line":15,"column":269}},"line":15},"1":{"name":"(anonymous_1)","decl":{"start":{"line":17,"column":26},"end":{"line":17,"column":27}},"loc":{"start":{"line":17,"column":38},"end":{"line":36,"column":1}},"line":17},"2":{"name":"(anonymous_2)","decl":{"start":{"line":22,"column":39},"end":{"line":22,"column":40}},"loc":{"start":{"line":22,"column":51},"end":{"line":25,"column":2}},"line":22},"3":{"name":"(anonymous_3)","decl":{"start":{"line":27,"column":42},"end":{"line":27,"column":43}},"loc":{"start":{"line":27,"column":54},"end":{"line":30,"column":2}},"line":27},"4":{"name":"(anonymous_4)","decl":{"start":{"line":32,"column":46},"end":{"line":32,"column":47}},"loc":{"start":{"line":32,"column":58},"end":{"line":35,"column":2}},"line":32}},"branchMap":{"0":{"loc":{"start":{"line":15,"column":40},"end":{"line":15,"column":267}},"type":"if","locations":[{"start":{"line":15,"column":40},"end":{"line":15,"column":267}},{"start":{"line":15,"column":40},"end":{"line":15,"column":267}}],"line":15},"1":{"loc":{"start":{"line":15,"column":44},"end":{"line":15,"column":65}},"type":"binary-expr","locations":[{"start":{"line":15,"column":44},"end":{"line":15,"column":47}},{"start":{"line":15,"column":51},"end":{"line":15,"column":65}}],"line":15},"2":{"loc":{"start":{"line":15,"column":107},"end":{"line":15,"column":228}},"type":"if","locations":[{"start":{"line":15,"column":107},"end":{"line":15,"column":228}},{"start":{"line":15,"column":107},"end":{"line":15,"column":228}}],"line":15},"3":{"loc":{"start":{"line":15,"column":149},"end":{"line":15,"column":224}},"type":"if","locations":[{"start":{"line":15,"column":149},"end":{"line":15,"column":224}},{"start":{"line":15,"column":149},"end":{"line":15,"column":224}}],"line":15}},"s":{"0":1,"1":1,"2":1,"3":1,"4":1,"5":1,"6":1,"7":1,"8":0,"9":0,"10":0,"11":0,"12":0,"13":0,"14":0,"15":1,"16":1,"17":1,"18":0,"19":0,"20":1,"21":0,"22":0,"23":1,"24":0,"25":0},"f":{"0":1,"1":1,"2":0,"3":0,"4":0},"b":{"0":[1,0],"1":[1,1],"2":[0,0],"3":[0,0]},"_coverageSchema":"332fd63041d2c1bcb487cc26dd0d5f7d97098a6c","hash":"1aed88b52f210db676b8b008dbbdeb502e87f220","contentHash":"6175f6df8bc15fef5a72cf22d5c751af_11.6.0"}}